{"C:\\Users\\cdali\\Downloads\\capital-ladder-app\\server.js": {"path":"C:\\Users\\cdali\\Downloads\\capital-ladder-app\\server.js","statementMap":{"0":{"start":{"line":6,"column":0},"end":{"line":6,"column":27}},"1":{"start":{"line":7,"column":22},"end":{"line":7,"column":48}},"2":{"start":{"line":8,"column":15},"end":{"line":8,"column":40}},"3":{"start":{"line":10,"column":13},"end":{"line":10,"column":37}},"4":{"start":{"line":13,"column":28},"end":{"line":13,"column":39}},"5":{"start":{"line":16,"column":0},"end":{"line":22,"column":1}},"6":{"start":{"line":17,"column":2},"end":{"line":19,"column":5}},"7":{"start":{"line":18,"column":4},"end":{"line":18,"column":67}},"8":{"start":{"line":21,"column":2},"end":{"line":21,"column":87}},"9":{"start":{"line":25,"column":0},"end":{"line":25,"column":37}}},"fnMap":{"0":{"name":"(anonymous_0)","decl":{"start":{"line":17,"column":22},"end":{"line":17,"column":23}},"loc":{"start":{"line":17,"column":28},"end":{"line":19,"column":3}},"line":17}},"branchMap":{"0":{"loc":{"start":{"line":10,"column":13},"end":{"line":10,"column":37}},"type":"binary-expr","locations":[{"start":{"line":10,"column":13},"end":{"line":10,"column":29}},{"start":{"line":10,"column":33},"end":{"line":10,"column":37}}],"line":10},"1":{"loc":{"start":{"line":16,"column":0},"end":{"line":22,"column":1}},"type":"if","locations":[{"start":{"line":16,"column":0},"end":{"line":22,"column":1}},{"start":{"line":20,"column":7},"end":{"line":22,"column":1}}],"line":16}},"s":{"0":1,"1":1,"2":1,"3":1,"4":1,"5":1,"6":0,"7":0,"8":1,"9":1},"f":{"0":0},"b":{"0":[1,0],"1":[0,1]},"inputSourceMap":null,"_coverageSchema":"1a1c01bbd47fc00a2c39e90264f33305004495a9","hash":"5adf072eb76a4e66f322895a260c93ea97f7a696"}
,"C:\\Users\\cdali\\Downloads\\capital-ladder-app\\config\\security.js": {"path":"C:\\Users\\cdali\\Downloads\\capital-ladder-app\\config\\security.js","statementMap":{"0":{"start":{"line":6,"column":15},"end":{"line":6,"column":32}},"1":{"start":{"line":10,"column":4},"end":{"line":10,"column":31}},"2":{"start":{"line":15,"column":4},"end":{"line":17,"column":5}},"3":{"start":{"line":16,"column":6},"end":{"line":16,"column":88}},"4":{"start":{"line":18,"column":4},"end":{"line":20,"column":5}},"5":{"start":{"line":19,"column":6},"end":{"line":19,"column":88}},"6":{"start":{"line":23,"column":4},"end":{"line":25,"column":5}},"7":{"start":{"line":24,"column":6},"end":{"line":24,"column":50}},"8":{"start":{"line":31,"column":4},"end":{"line":36,"column":6}},"9":{"start":{"line":40,"column":4},"end":{"line":40,"column":54}},"10":{"start":{"line":44,"column":4},"end":{"line":44,"column":68}},"11":{"start":{"line":48,"column":4},"end":{"line":48,"column":69}},"12":{"start":{"line":52,"column":4},"end":{"line":52,"column":62}},"13":{"start":{"line":56,"column":4},"end":{"line":58,"column":6}},"14":{"start":{"line":62,"column":4},"end":{"line":68,"column":5}},"15":{"start":{"line":63,"column":6},"end":{"line":67,"column":8}},"16":{"start":{"line":69,"column":4},"end":{"line":73,"column":6}},"17":{"start":{"line":77,"column":4},"end":{"line":77,"column":98}},"18":{"start":{"line":77,"column":88},"end":{"line":77,"column":96}},"19":{"start":{"line":81,"column":4},"end":{"line":86,"column":6}},"20":{"start":{"line":91,"column":21},"end":{"line":91,"column":93}},"21":{"start":{"line":92,"column":16},"end":{"line":92,"column":65}},"22":{"start":{"line":94,"column":4},"end":{"line":101,"column":6}},"23":{"start":{"line":105,"column":0},"end":{"line":105,"column":38}}},"fnMap":{"0":{"name":"(anonymous_0)","decl":{"start":{"line":9,"column":2},"end":{"line":9,"column":3}},"loc":{"start":{"line":9,"column":16},"end":{"line":11,"column":3}},"line":9},"1":{"name":"(anonymous_1)","decl":{"start":{"line":13,"column":2},"end":{"line":13,"column":3}},"loc":{"start":{"line":13,"column":24},"end":{"line":28,"column":3}},"line":13},"2":{"name":"(anonymous_2)","decl":{"start":{"line":30,"column":2},"end":{"line":30,"column":3}},"loc":{"start":{"line":30,"column":17},"end":{"line":37,"column":3}},"line":30},"3":{"name":"(anonymous_3)","decl":{"start":{"line":39,"column":2},"end":{"line":39,"column":3}},"loc":{"start":{"line":39,"column":35},"end":{"line":41,"column":3}},"line":39},"4":{"name":"(anonymous_4)","decl":{"start":{"line":43,"column":2},"end":{"line":43,"column":3}},"loc":{"start":{"line":43,"column":17},"end":{"line":45,"column":3}},"line":43},"5":{"name":"(anonymous_5)","decl":{"start":{"line":47,"column":2},"end":{"line":47,"column":3}},"loc":{"start":{"line":47,"column":18},"end":{"line":49,"column":3}},"line":47},"6":{"name":"(anonymous_6)","decl":{"start":{"line":51,"column":2},"end":{"line":51,"column":3}},"loc":{"start":{"line":51,"column":11},"end":{"line":53,"column":3}},"line":51},"7":{"name":"(anonymous_7)","decl":{"start":{"line":55,"column":2},"end":{"line":55,"column":3}},"loc":{"start":{"line":55,"column":22},"end":{"line":59,"column":3}},"line":55},"8":{"name":"(anonymous_8)","decl":{"start":{"line":61,"column":2},"end":{"line":61,"column":3}},"loc":{"start":{"line":61,"column":18},"end":{"line":74,"column":3}},"line":61},"9":{"name":"(anonymous_9)","decl":{"start":{"line":76,"column":2},"end":{"line":76,"column":3}},"loc":{"start":{"line":76,"column":21},"end":{"line":78,"column":3}},"line":76},"10":{"name":"(anonymous_10)","decl":{"start":{"line":77,"column":83},"end":{"line":77,"column":84}},"loc":{"start":{"line":77,"column":88},"end":{"line":77,"column":96}},"line":77},"11":{"name":"(anonymous_11)","decl":{"start":{"line":80,"column":2},"end":{"line":80,"column":3}},"loc":{"start":{"line":80,"column":20},"end":{"line":87,"column":3}},"line":80},"12":{"name":"(anonymous_12)","decl":{"start":{"line":89,"column":2},"end":{"line":89,"column":3}},"loc":{"start":{"line":89,"column":23},"end":{"line":102,"column":3}},"line":89}},"branchMap":{"0":{"loc":{"start":{"line":15,"column":4},"end":{"line":17,"column":5}},"type":"if","locations":[{"start":{"line":15,"column":4},"end":{"line":17,"column":5}},{"start":{},"end":{}}],"line":15},"1":{"loc":{"start":{"line":18,"column":4},"end":{"line":20,"column":5}},"type":"if","locations":[{"start":{"line":18,"column":4},"end":{"line":20,"column":5}},{"start":{},"end":{}}],"line":18},"2":{"loc":{"start":{"line":23,"column":4},"end":{"line":25,"column":5}},"type":"if","locations":[{"start":{"line":23,"column":4},"end":{"line":25,"column":5}},{"start":{},"end":{}}],"line":23},"3":{"loc":{"start":{"line":33,"column":17},"end":{"line":33,"column":51}},"type":"binary-expr","locations":[{"start":{"line":33,"column":17},"end":{"line":33,"column":43}},{"start":{"line":33,"column":47},"end":{"line":33,"column":51}}],"line":33},"4":{"loc":{"start":{"line":34,"column":14},"end":{"line":34,"column":60}},"type":"binary-expr","locations":[{"start":{"line":34,"column":14},"end":{"line":34,"column":36}},{"start":{"line":34,"column":40},"end":{"line":34,"column":60}}],"line":34},"5":{"loc":{"start":{"line":35,"column":16},"end":{"line":35,"column":66}},"type":"binary-expr","locations":[{"start":{"line":35,"column":16},"end":{"line":35,"column":40}},{"start":{"line":35,"column":44},"end":{"line":35,"column":66}}],"line":35},"6":{"loc":{"start":{"line":39,"column":22},"end":{"line":39,"column":33}},"type":"default-arg","locations":[{"start":{"line":39,"column":31},"end":{"line":39,"column":33}}],"line":39},"7":{"loc":{"start":{"line":44,"column":12},"end":{"line":44,"column":49}},"type":"binary-expr","locations":[{"start":{"line":44,"column":12},"end":{"line":44,"column":32}},{"start":{"line":44,"column":36},"end":{"line":44,"column":49}}],"line":44},"8":{"loc":{"start":{"line":48,"column":12},"end":{"line":48,"column":49}},"type":"binary-expr","locations":[{"start":{"line":48,"column":12},"end":{"line":48,"column":32}},{"start":{"line":48,"column":36},"end":{"line":48,"column":49}}],"line":48},"9":{"loc":{"start":{"line":52,"column":12},"end":{"line":52,"column":49}},"type":"binary-expr","locations":[{"start":{"line":52,"column":12},"end":{"line":52,"column":32}},{"start":{"line":52,"column":36},"end":{"line":52,"column":49}}],"line":52},"10":{"loc":{"start":{"line":62,"column":4},"end":{"line":68,"column":5}},"type":"if","locations":[{"start":{"line":62,"column":4},"end":{"line":68,"column":5}},{"start":{},"end":{}}],"line":62},"11":{"loc":{"start":{"line":64,"column":17},"end":{"line":64,"column":94}},"type":"binary-expr","locations":[{"start":{"line":64,"column":17},"end":{"line":64,"column":41}},{"start":{"line":64,"column":45},"end":{"line":64,"column":94}}],"line":64},"12":{"loc":{"start":{"line":77,"column":12},"end":{"line":77,"column":66}},"type":"binary-expr","locations":[{"start":{"line":77,"column":12},"end":{"line":77,"column":38}},{"start":{"line":77,"column":42},"end":{"line":77,"column":66}}],"line":77},"13":{"loc":{"start":{"line":82,"column":19},"end":{"line":82,"column":73}},"type":"binary-expr","locations":[{"start":{"line":82,"column":19},"end":{"line":82,"column":54}},{"start":{"line":82,"column":58},"end":{"line":82,"column":73}}],"line":82},"14":{"loc":{"start":{"line":85,"column":18},"end":{"line":85,"column":63}},"type":"binary-expr","locations":[{"start":{"line":85,"column":18},"end":{"line":85,"column":41}},{"start":{"line":85,"column":45},"end":{"line":85,"column":63}}],"line":85},"15":{"loc":{"start":{"line":91,"column":30},"end":{"line":91,"column":88}},"type":"binary-expr","locations":[{"start":{"line":91,"column":30},"end":{"line":91,"column":62}},{"start":{"line":91,"column":66},"end":{"line":91,"column":88}}],"line":91},"16":{"loc":{"start":{"line":92,"column":25},"end":{"line":92,"column":60}},"type":"binary-expr","locations":[{"start":{"line":92,"column":25},"end":{"line":92,"column":51}},{"start":{"line":92,"column":55},"end":{"line":92,"column":60}}],"line":92}},"s":{"0":33,"1":33,"2":33,"3":1,"4":32,"5":1,"6":31,"7":1,"8":202,"9":0,"10":6,"11":9,"12":26,"13":1,"14":2,"15":1,"16":1,"17":0,"18":0,"19":2,"20":5,"21":5,"22":5,"23":33},"f":{"0":33,"1":33,"2":202,"3":0,"4":6,"5":9,"6":26,"7":1,"8":2,"9":0,"10":0,"11":2,"12":5},"b":{"0":[1,32],"1":[1,31],"2":[1,30],"3":[202,0],"4":[202,0],"5":[202,0],"6":[0],"7":[6,1],"8":[9,1],"9":[26,1],"10":[1,1],"11":[1,1],"12":[0,0],"13":[2,1],"14":[2,2],"15":[5,4],"16":[5,4]},"inputSourceMap":null,"_coverageSchema":"1a1c01bbd47fc00a2c39e90264f33305004495a9","hash":"388cf5dcafba6a0aadd28bcc3da35e95b9a91e91"}
,"C:\\Users\\cdali\\Downloads\\capital-ladder-app\\lib\\analytics-service-simple.js": {"path":"C:\\Users\\cdali\\Downloads\\capital-ladder-app\\lib\\analytics-service-simple.js","statementMap":{"0":{"start":{"line":7,"column":25},"end":{"line":7,"column":55}},"1":{"start":{"line":8,"column":16},"end":{"line":8,"column":34}},"2":{"start":{"line":10,"column":15},"end":{"line":17,"column":2}},"3":{"start":{"line":14,"column":61},"end":{"line":14,"column":96}},"4":{"start":{"line":21,"column":4},"end":{"line":21,"column":37}},"5":{"start":{"line":22,"column":4},"end":{"line":22,"column":27}},"6":{"start":{"line":29,"column":4},"end":{"line":48,"column":5}},"7":{"start":{"line":30,"column":80},"end":{"line":35,"column":8}},"8":{"start":{"line":37,"column":6},"end":{"line":44,"column":8}},"9":{"start":{"line":46,"column":6},"end":{"line":46,"column":65}},"10":{"start":{"line":47,"column":6},"end":{"line":47,"column":18}},"11":{"start":{"line":52,"column":4},"end":{"line":85,"column":5}},"12":{"start":{"line":53,"column":25},"end":{"line":53,"column":55}},"13":{"start":{"line":54,"column":30},"end":{"line":54,"column":65}},"14":{"start":{"line":55,"column":31},"end":{"line":57,"column":8}},"15":{"start":{"line":60,"column":18},"end":{"line":60,"column":20}},"16":{"start":{"line":61,"column":6},"end":{"line":63,"column":7}},"17":{"start":{"line":62,"column":8},"end":{"line":62,"column":20}},"18":{"start":{"line":64,"column":6},"end":{"line":66,"column":7}},"19":{"start":{"line":65,"column":8},"end":{"line":65,"column":20}},"20":{"start":{"line":67,"column":6},"end":{"line":69,"column":7}},"21":{"start":{"line":68,"column":8},"end":{"line":68,"column":20}},"22":{"start":{"line":71,"column":6},"end":{"line":81,"column":8}},"23":{"start":{"line":83,"column":6},"end":{"line":83,"column":62}},"24":{"start":{"line":84,"column":6},"end":{"line":84,"column":79}},"25":{"start":{"line":89,"column":4},"end":{"line":110,"column":5}},"26":{"start":{"line":90,"column":25},"end":{"line":90,"column":55}},"27":{"start":{"line":91,"column":31},"end":{"line":95,"column":8}},"28":{"start":{"line":97,"column":6},"end":{"line":106,"column":8}},"29":{"start":{"line":108,"column":6},"end":{"line":108,"column":59}},"30":{"start":{"line":109,"column":6},"end":{"line":109,"column":67}},"31":{"start":{"line":114,"column":4},"end":{"line":141,"column":5}},"32":{"start":{"line":115,"column":22},"end":{"line":118,"column":8}},"33":{"start":{"line":120,"column":21},"end":{"line":124,"column":8}},"34":{"start":{"line":122,"column":10},"end":{"line":122,"column":78}},"35":{"start":{"line":123,"column":8},"end":{"line":123,"column":36}},"36":{"start":{"line":126,"column":6},"end":{"line":137,"column":8}},"37":{"start":{"line":130,"column":35},"end":{"line":136,"column":9}},"38":{"start":{"line":139,"column":6},"end":{"line":139,"column":63}},"39":{"start":{"line":140,"column":6},"end":{"line":140,"column":77}},"40":{"start":{"line":145,"column":4},"end":{"line":162,"column":5}},"41":{"start":{"line":146,"column":27},"end":{"line":146,"column":58}},"42":{"start":{"line":147,"column":31},"end":{"line":149,"column":8}},"43":{"start":{"line":151,"column":19},"end":{"line":151,"column":81}},"44":{"start":{"line":153,"column":6},"end":{"line":158,"column":8}},"45":{"start":{"line":160,"column":6},"end":{"line":160,"column":61}},"46":{"start":{"line":161,"column":6},"end":{"line":161,"column":87}},"47":{"start":{"line":166,"column":4},"end":{"line":245,"column":5}},"48":{"start":{"line":167,"column":20},"end":{"line":174,"column":8}},"49":{"start":{"line":177,"column":18},"end":{"line":177,"column":28}},"50":{"start":{"line":178,"column":22},"end":{"line":201,"column":8}},"51":{"start":{"line":179,"column":30},"end":{"line":179,"column":86}},"52":{"start":{"line":183,"column":8},"end":{"line":189,"column":9}},"53":{"start":{"line":184,"column":10},"end":{"line":184,"column":44}},"54":{"start":{"line":185,"column":15},"end":{"line":189,"column":9}},"55":{"start":{"line":186,"column":10},"end":{"line":186,"column":48}},"56":{"start":{"line":188,"column":10},"end":{"line":188,"column":38}},"57":{"start":{"line":191,"column":8},"end":{"line":200,"column":10}},"58":{"start":{"line":203,"column":23},"end":{"line":207,"column":7}},"59":{"start":{"line":204,"column":43},"end":{"line":204,"column":80}},"60":{"start":{"line":205,"column":47},"end":{"line":205,"column":88}},"61":{"start":{"line":206,"column":37},"end":{"line":206,"column":68}},"62":{"start":{"line":209,"column":6},"end":{"line":241,"column":8}},"63":{"start":{"line":243,"column":6},"end":{"line":243,"column":60}},"64":{"start":{"line":244,"column":6},"end":{"line":244,"column":18}},"65":{"start":{"line":250,"column":4},"end":{"line":250,"column":16}},"66":{"start":{"line":262,"column":0},"end":{"line":262,"column":34}}},"fnMap":{"0":{"name":"(anonymous_0)","decl":{"start":{"line":14,"column":26},"end":{"line":14,"column":27}},"loc":{"start":{"line":14,"column":61},"end":{"line":14,"column":96}},"line":14},"1":{"name":"(anonymous_1)","decl":{"start":{"line":20,"column":2},"end":{"line":20,"column":3}},"loc":{"start":{"line":20,"column":16},"end":{"line":23,"column":3}},"line":20},"2":{"name":"(anonymous_2)","decl":{"start":{"line":28,"column":2},"end":{"line":28,"column":3}},"loc":{"start":{"line":28,"column":61},"end":{"line":49,"column":3}},"line":28},"3":{"name":"(anonymous_3)","decl":{"start":{"line":51,"column":2},"end":{"line":51,"column":3}},"loc":{"start":{"line":51,"column":38},"end":{"line":86,"column":3}},"line":51},"4":{"name":"(anonymous_4)","decl":{"start":{"line":88,"column":2},"end":{"line":88,"column":3}},"loc":{"start":{"line":88,"column":33},"end":{"line":111,"column":3}},"line":88},"5":{"name":"(anonymous_5)","decl":{"start":{"line":113,"column":2},"end":{"line":113,"column":3}},"loc":{"start":{"line":113,"column":35},"end":{"line":142,"column":3}},"line":113},"6":{"name":"(anonymous_6)","decl":{"start":{"line":120,"column":36},"end":{"line":120,"column":37}},"loc":{"start":{"line":120,"column":49},"end":{"line":124,"column":7}},"line":120},"7":{"name":"(anonymous_7)","decl":{"start":{"line":130,"column":29},"end":{"line":130,"column":30}},"loc":{"start":{"line":130,"column":35},"end":{"line":136,"column":9}},"line":130},"8":{"name":"(anonymous_8)","decl":{"start":{"line":144,"column":2},"end":{"line":144,"column":3}},"loc":{"start":{"line":144,"column":35},"end":{"line":163,"column":3}},"line":144},"9":{"name":"(anonymous_9)","decl":{"start":{"line":165,"column":2},"end":{"line":165,"column":3}},"loc":{"start":{"line":165,"column":28},"end":{"line":246,"column":3}},"line":165},"10":{"name":"(anonymous_10)","decl":{"start":{"line":178,"column":32},"end":{"line":178,"column":33}},"loc":{"start":{"line":178,"column":40},"end":{"line":201,"column":7}},"line":178},"11":{"name":"(anonymous_11)","decl":{"start":{"line":204,"column":38},"end":{"line":204,"column":39}},"loc":{"start":{"line":204,"column":43},"end":{"line":204,"column":80}},"line":204},"12":{"name":"(anonymous_12)","decl":{"start":{"line":205,"column":42},"end":{"line":205,"column":43}},"loc":{"start":{"line":205,"column":47},"end":{"line":205,"column":88}},"line":205},"13":{"name":"(anonymous_13)","decl":{"start":{"line":206,"column":32},"end":{"line":206,"column":33}},"loc":{"start":{"line":206,"column":37},"end":{"line":206,"column":68}},"line":206},"14":{"name":"(anonymous_14)","decl":{"start":{"line":249,"column":2},"end":{"line":249,"column":3}},"loc":{"start":{"line":249,"column":28},"end":{"line":251,"column":3}},"line":249},"15":{"name":"(anonymous_15)","decl":{"start":{"line":253,"column":2},"end":{"line":253,"column":3}},"loc":{"start":{"line":253,"column":41},"end":{"line":255,"column":3}},"line":253},"16":{"name":"(anonymous_16)","decl":{"start":{"line":257,"column":2},"end":{"line":257,"column":3}},"loc":{"start":{"line":257,"column":37},"end":{"line":259,"column":3}},"line":257}},"branchMap":{"0":{"loc":{"start":{"line":28,"column":27},"end":{"line":28,"column":41}},"type":"default-arg","locations":[{"start":{"line":28,"column":36},"end":{"line":28,"column":41}}],"line":28},"1":{"loc":{"start":{"line":28,"column":43},"end":{"line":28,"column":59}},"type":"default-arg","locations":[{"start":{"line":28,"column":54},"end":{"line":28,"column":59}}],"line":28},"2":{"loc":{"start":{"line":61,"column":6},"end":{"line":63,"column":7}},"type":"if","locations":[{"start":{"line":61,"column":6},"end":{"line":63,"column":7}},{"start":{},"end":{}}],"line":61},"3":{"loc":{"start":{"line":64,"column":6},"end":{"line":66,"column":7}},"type":"if","locations":[{"start":{"line":64,"column":6},"end":{"line":66,"column":7}},{"start":{},"end":{}}],"line":64},"4":{"loc":{"start":{"line":67,"column":6},"end":{"line":69,"column":7}},"type":"if","locations":[{"start":{"line":67,"column":6},"end":{"line":69,"column":7}},{"start":{},"end":{}}],"line":67},"5":{"loc":{"start":{"line":132,"column":16},"end":{"line":132,"column":56}},"type":"binary-expr","locations":[{"start":{"line":132,"column":16},"end":{"line":132,"column":37}},{"start":{"line":132,"column":41},"end":{"line":132,"column":56}}],"line":132},"6":{"loc":{"start":{"line":133,"column":14},"end":{"line":133,"column":60}},"type":"binary-expr","locations":[{"start":{"line":133,"column":14},"end":{"line":133,"column":38}},{"start":{"line":133,"column":42},"end":{"line":133,"column":60}}],"line":133},"7":{"loc":{"start":{"line":151,"column":19},"end":{"line":151,"column":81}},"type":"cond-expr","locations":[{"start":{"line":151,"column":38},"end":{"line":151,"column":77}},{"start":{"line":151,"column":80},"end":{"line":151,"column":81}}],"line":151},"8":{"loc":{"start":{"line":183,"column":8},"end":{"line":189,"column":9}},"type":"if","locations":[{"start":{"line":183,"column":8},"end":{"line":189,"column":9}},{"start":{"line":185,"column":15},"end":{"line":189,"column":9}}],"line":183},"9":{"loc":{"start":{"line":185,"column":15},"end":{"line":189,"column":9}},"type":"if","locations":[{"start":{"line":185,"column":15},"end":{"line":189,"column":9}},{"start":{"line":187,"column":15},"end":{"line":189,"column":9}}],"line":185},"10":{"loc":{"start":{"line":214,"column":14},"end":{"line":216,"column":19}},"type":"cond-expr","locations":[{"start":{"line":215,"column":18},"end":{"line":215,"column":85}},{"start":{"line":216,"column":18},"end":{"line":216,"column":19}}],"line":214},"11":{"loc":{"start":{"line":223,"column":14},"end":{"line":225,"column":19}},"type":"cond-expr","locations":[{"start":{"line":224,"column":18},"end":{"line":224,"column":89}},{"start":{"line":225,"column":18},"end":{"line":225,"column":19}}],"line":223},"12":{"loc":{"start":{"line":232,"column":14},"end":{"line":234,"column":19}},"type":"cond-expr","locations":[{"start":{"line":233,"column":18},"end":{"line":233,"column":79}},{"start":{"line":234,"column":18},"end":{"line":234,"column":19}}],"line":232}},"s":{"0":4,"1":4,"2":4,"3":0,"4":9,"5":9,"6":1,"7":1,"8":1,"9":0,"10":0,"11":2,"12":2,"13":2,"14":2,"15":2,"16":2,"17":1,"18":2,"19":1,"20":2,"21":1,"22":2,"23":0,"24":0,"25":2,"26":2,"27":2,"28":2,"29":0,"30":0,"31":2,"32":2,"33":2,"34":2,"35":2,"36":2,"37":2,"38":0,"39":0,"40":2,"41":2,"42":2,"43":2,"44":2,"45":0,"46":0,"47":1,"48":1,"49":1,"50":1,"51":3,"52":3,"53":1,"54":2,"55":1,"56":1,"57":3,"58":1,"59":3,"60":3,"61":3,"62":1,"63":0,"64":0,"65":0,"66":4},"f":{"0":0,"1":9,"2":1,"3":2,"4":2,"5":2,"6":2,"7":2,"8":2,"9":1,"10":3,"11":3,"12":3,"13":3,"14":0,"15":0,"16":0},"b":{"0":[0],"1":[0],"2":[1,1],"3":[1,1],"4":[1,1],"5":[2,0],"6":[2,0],"7":[1,1],"8":[1,2],"9":[1,1],"10":[1,0],"11":[1,0],"12":[1,0]},"inputSourceMap":null,"_coverageSchema":"1a1c01bbd47fc00a2c39e90264f33305004495a9","hash":"8c206c82cd00021357ee10918071f0ec25aea102"}
,"C:\\Users\\cdali\\Downloads\\capital-ladder-app\\lib\\analytics-service.js": {"path":"C:\\Users\\cdali\\Downloads\\capital-ladder-app\\lib\\analytics-service.js","statementMap":{"0":{"start":{"line":7,"column":25},"end":{"line":7,"column":55}},"1":{"start":{"line":8,"column":16},"end":{"line":8,"column":34}},"2":{"start":{"line":10,"column":15},"end":{"line":17,"column":2}},"3":{"start":{"line":14,"column":61},"end":{"line":14,"column":96}},"4":{"start":{"line":21,"column":4},"end":{"line":21,"column":37}},"5":{"start":{"line":22,"column":4},"end":{"line":22,"column":27}},"6":{"start":{"line":23,"column":4},"end":{"line":27,"column":6}},"7":{"start":{"line":34,"column":21},"end":{"line":34,"column":49}},"8":{"start":{"line":36,"column":4},"end":{"line":41,"column":5}},"9":{"start":{"line":37,"column":21},"end":{"line":37,"column":55}},"10":{"start":{"line":38,"column":6},"end":{"line":40,"column":7}},"11":{"start":{"line":39,"column":8},"end":{"line":39,"column":22}},"12":{"start":{"line":43,"column":4},"end":{"line":65,"column":5}},"13":{"start":{"line":44,"column":80},"end":{"line":49,"column":8}},"14":{"start":{"line":51,"column":22},"end":{"line":58,"column":7}},"15":{"start":{"line":60,"column":6},"end":{"line":60,"column":72}},"16":{"start":{"line":61,"column":6},"end":{"line":61,"column":21}},"17":{"start":{"line":63,"column":6},"end":{"line":63,"column":65}},"18":{"start":{"line":64,"column":6},"end":{"line":64,"column":18}},"19":{"start":{"line":72,"column":4},"end":{"line":110,"column":5}},"20":{"start":{"line":73,"column":22},"end":{"line":73,"column":61}},"21":{"start":{"line":75,"column":24},"end":{"line":75,"column":25}},"22":{"start":{"line":78,"column":28},"end":{"line":78,"column":73}},"23":{"start":{"line":79,"column":6},"end":{"line":79,"column":41}},"24":{"start":{"line":82,"column":30},"end":{"line":82,"column":76}},"25":{"start":{"line":83,"column":6},"end":{"line":83,"column":43}},"26":{"start":{"line":86,"column":30},"end":{"line":86,"column":72}},"27":{"start":{"line":87,"column":6},"end":{"line":87,"column":43}},"28":{"start":{"line":90,"column":26},"end":{"line":90,"column":83}},"29":{"start":{"line":91,"column":6},"end":{"line":91,"column":39}},"30":{"start":{"line":93,"column":20},"end":{"line":93,"column":43}},"31":{"start":{"line":94,"column":20},"end":{"line":94,"column":54}},"32":{"start":{"line":96,"column":6},"end":{"line":106,"column":8}},"33":{"start":{"line":108,"column":6},"end":{"line":108,"column":62}},"34":{"start":{"line":109,"column":6},"end":{"line":109,"column":79}},"35":{"start":{"line":117,"column":17},"end":{"line":117,"column":47}},"36":{"start":{"line":118,"column":22},"end":{"line":118,"column":71}},"37":{"start":{"line":121,"column":23},"end":{"line":121,"column":53}},"38":{"start":{"line":122,"column":24},"end":{"line":134,"column":5}},"39":{"start":{"line":137,"column":27},"end":{"line":143,"column":5}},"40":{"start":{"line":146,"column":23},"end":{"line":152,"column":5}},"41":{"start":{"line":155,"column":32},"end":{"line":155,"column":90}},"42":{"start":{"line":156,"column":32},"end":{"line":168,"column":5}},"43":{"start":{"line":170,"column":29},"end":{"line":170,"column":83}},"44":{"start":{"line":172,"column":6},"end":{"line":174,"column":11}},"45":{"start":{"line":176,"column":6},"end":{"line":178,"column":11}},"46":{"start":{"line":180,"column":6},"end":{"line":182,"column":11}},"47":{"start":{"line":184,"column":4},"end":{"line":189,"column":6}},"48":{"start":{"line":196,"column":21},"end":{"line":196,"column":38}},"49":{"start":{"line":197,"column":19},"end":{"line":197,"column":53}},"50":{"start":{"line":198,"column":4},"end":{"line":200,"column":5}},"51":{"start":{"line":199,"column":6},"end":{"line":199,"column":20}},"52":{"start":{"line":202,"column":4},"end":{"line":330,"column":5}},"53":{"start":{"line":204,"column":20},"end":{"line":211,"column":8}},"54":{"start":{"line":214,"column":31},"end":{"line":223,"column":8}},"55":{"start":{"line":225,"column":28},"end":{"line":234,"column":8}},"56":{"start":{"line":237,"column":22},"end":{"line":282,"column":8}},"57":{"start":{"line":238,"column":27},"end":{"line":238,"column":29}},"58":{"start":{"line":241,"column":8},"end":{"line":245,"column":11}},"59":{"start":{"line":242,"column":10},"end":{"line":244,"column":11}},"60":{"start":{"line":243,"column":12},"end":{"line":243,"column":49}},"61":{"start":{"line":248,"column":8},"end":{"line":252,"column":11}},"62":{"start":{"line":249,"column":10},"end":{"line":251,"column":11}},"63":{"start":{"line":250,"column":12},"end":{"line":250,"column":45}},"64":{"start":{"line":256,"column":10},"end":{"line":258,"column":28}},"65":{"start":{"line":257,"column":55},"end":{"line":257,"column":66}},"66":{"start":{"line":261,"column":32},"end":{"line":261,"column":91}},"67":{"start":{"line":263,"column":8},"end":{"line":269,"column":9}},"68":{"start":{"line":264,"column":10},"end":{"line":264,"column":44}},"69":{"start":{"line":265,"column":15},"end":{"line":269,"column":9}},"70":{"start":{"line":266,"column":10},"end":{"line":266,"column":48}},"71":{"start":{"line":268,"column":10},"end":{"line":268,"column":38}},"72":{"start":{"line":271,"column":8},"end":{"line":281,"column":10}},"73":{"start":{"line":278,"column":48},"end":{"line":278,"column":98}},"74":{"start":{"line":285,"column":23},"end":{"line":289,"column":7}},"75":{"start":{"line":286,"column":43},"end":{"line":286,"column":80}},"76":{"start":{"line":287,"column":47},"end":{"line":287,"column":88}},"77":{"start":{"line":288,"column":37},"end":{"line":288,"column":68}},"78":{"start":{"line":291,"column":21},"end":{"line":323,"column":7}},"79":{"start":{"line":325,"column":6},"end":{"line":325,"column":72}},"80":{"start":{"line":326,"column":6},"end":{"line":326,"column":20}},"81":{"start":{"line":328,"column":6},"end":{"line":328,"column":64}},"82":{"start":{"line":329,"column":6},"end":{"line":329,"column":18}},"83":{"start":{"line":337,"column":26},"end":{"line":337,"column":65}},"84":{"start":{"line":338,"column":27},"end":{"line":338,"column":72}},"85":{"start":{"line":341,"column":6},"end":{"line":343,"column":11}},"86":{"start":{"line":345,"column":21},"end":{"line":345,"column":51}},"87":{"start":{"line":347,"column":4},"end":{"line":356,"column":6}},"88":{"start":{"line":363,"column":20},"end":{"line":366,"column":6}},"89":{"start":{"line":368,"column":19},"end":{"line":371,"column":6}},"90":{"start":{"line":369,"column":31},"end":{"line":369,"column":99}},"91":{"start":{"line":370,"column":6},"end":{"line":370,"column":34}},"92":{"start":{"line":373,"column":28},"end":{"line":373,"column":69}},"93":{"start":{"line":375,"column":4},"end":{"line":386,"column":6}},"94":{"start":{"line":379,"column":33},"end":{"line":385,"column":7}},"95":{"start":{"line":393,"column":17},"end":{"line":393,"column":47}},"96":{"start":{"line":394,"column":22},"end":{"line":394,"column":71}},"97":{"start":{"line":396,"column":18},"end":{"line":402,"column":5}},"98":{"start":{"line":404,"column":17},"end":{"line":404,"column":98}},"99":{"start":{"line":405,"column":18},"end":{"line":405,"column":61}},"100":{"start":{"line":407,"column":4},"end":{"line":412,"column":6}},"101":{"start":{"line":418,"column":17},"end":{"line":418,"column":47}},"102":{"start":{"line":419,"column":19},"end":{"line":419,"column":38}},"103":{"start":{"line":420,"column":22},"end":{"line":420,"column":82}},"104":{"start":{"line":421,"column":20},"end":{"line":421,"column":95}},"105":{"start":{"line":423,"column":19},"end":{"line":435,"column":5}},"106":{"start":{"line":437,"column":4},"end":{"line":437,"column":27}},"107":{"start":{"line":441,"column":22},"end":{"line":450,"column":6}},"108":{"start":{"line":452,"column":4},"end":{"line":454,"column":5}},"109":{"start":{"line":453,"column":6},"end":{"line":453,"column":15}},"110":{"start":{"line":456,"column":23},"end":{"line":459,"column":9}},"111":{"start":{"line":457,"column":27},"end":{"line":457,"column":88}},"112":{"start":{"line":458,"column":6},"end":{"line":458,"column":51}},"113":{"start":{"line":461,"column":21},"end":{"line":461,"column":50}},"114":{"start":{"line":462,"column":4},"end":{"line":462,"column":38}},"115":{"start":{"line":466,"column":22},"end":{"line":472,"column":5}},"116":{"start":{"line":473,"column":4},"end":{"line":473,"column":35}},"117":{"start":{"line":478,"column":4},"end":{"line":480,"column":5}},"118":{"start":{"line":479,"column":6},"end":{"line":479,"column":18}},"119":{"start":{"line":481,"column":4},"end":{"line":483,"column":5}},"120":{"start":{"line":482,"column":6},"end":{"line":482,"column":22}},"121":{"start":{"line":484,"column":4},"end":{"line":484,"column":18}},"122":{"start":{"line":488,"column":4},"end":{"line":490,"column":5}},"123":{"start":{"line":489,"column":6},"end":{"line":489,"column":66}},"124":{"start":{"line":491,"column":4},"end":{"line":493,"column":5}},"125":{"start":{"line":492,"column":6},"end":{"line":492,"column":56}},"126":{"start":{"line":494,"column":4},"end":{"line":494,"column":47}},"127":{"start":{"line":499,"column":4},"end":{"line":499,"column":20}},"128":{"start":{"line":505,"column":4},"end":{"line":535,"column":5}},"129":{"start":{"line":507,"column":6},"end":{"line":514,"column":7}},"130":{"start":{"line":508,"column":23},"end":{"line":508,"column":42}},"131":{"start":{"line":509,"column":8},"end":{"line":513,"column":9}},"132":{"start":{"line":510,"column":10},"end":{"line":510,"column":29}},"133":{"start":{"line":512,"column":10},"end":{"line":512,"column":33}},"134":{"start":{"line":517,"column":23},"end":{"line":519,"column":8}},"135":{"start":{"line":521,"column":6},"end":{"line":529,"column":7}},"136":{"start":{"line":522,"column":21},"end":{"line":522,"column":46}},"137":{"start":{"line":524,"column":8},"end":{"line":527,"column":11}},"138":{"start":{"line":528,"column":8},"end":{"line":528,"column":20}},"139":{"start":{"line":531,"column":6},"end":{"line":531,"column":18}},"140":{"start":{"line":533,"column":6},"end":{"line":533,"column":59}},"141":{"start":{"line":534,"column":6},"end":{"line":534,"column":18}},"142":{"start":{"line":539,"column":4},"end":{"line":562,"column":5}},"143":{"start":{"line":540,"column":24},"end":{"line":540,"column":50}},"144":{"start":{"line":543,"column":6},"end":{"line":543,"column":66}},"145":{"start":{"line":546,"column":6},"end":{"line":559,"column":9}},"146":{"start":{"line":561,"column":6},"end":{"line":561,"column":56}},"147":{"start":{"line":566,"column":4},"end":{"line":584,"column":5}},"148":{"start":{"line":568,"column":6},"end":{"line":572,"column":7}},"149":{"start":{"line":569,"column":8},"end":{"line":571,"column":9}},"150":{"start":{"line":570,"column":10},"end":{"line":570,"column":33}},"151":{"start":{"line":575,"column":6},"end":{"line":581,"column":9}},"152":{"start":{"line":583,"column":6},"end":{"line":583,"column":55}},"153":{"start":{"line":588,"column":0},"end":{"line":588,"column":34}}},"fnMap":{"0":{"name":"(anonymous_0)","decl":{"start":{"line":14,"column":26},"end":{"line":14,"column":27}},"loc":{"start":{"line":14,"column":61},"end":{"line":14,"column":96}},"line":14},"1":{"name":"(anonymous_1)","decl":{"start":{"line":20,"column":2},"end":{"line":20,"column":3}},"loc":{"start":{"line":20,"column":16},"end":{"line":28,"column":3}},"line":20},"2":{"name":"(anonymous_2)","decl":{"start":{"line":33,"column":2},"end":{"line":33,"column":3}},"loc":{"start":{"line":33,"column":60},"end":{"line":66,"column":3}},"line":33},"3":{"name":"(anonymous_3)","decl":{"start":{"line":71,"column":2},"end":{"line":71,"column":3}},"loc":{"start":{"line":71,"column":46},"end":{"line":111,"column":3}},"line":71},"4":{"name":"(anonymous_4)","decl":{"start":{"line":116,"column":2},"end":{"line":116,"column":3}},"loc":{"start":{"line":116,"column":37},"end":{"line":190,"column":3}},"line":116},"5":{"name":"(anonymous_5)","decl":{"start":{"line":195,"column":2},"end":{"line":195,"column":3}},"loc":{"start":{"line":195,"column":28},"end":{"line":331,"column":3}},"line":195},"6":{"name":"(anonymous_6)","decl":{"start":{"line":237,"column":32},"end":{"line":237,"column":33}},"loc":{"start":{"line":237,"column":40},"end":{"line":282,"column":7}},"line":237},"7":{"name":"(anonymous_7)","decl":{"start":{"line":241,"column":33},"end":{"line":241,"column":34}},"loc":{"start":{"line":241,"column":46},"end":{"line":245,"column":9}},"line":241},"8":{"name":"(anonymous_8)","decl":{"start":{"line":248,"column":30},"end":{"line":248,"column":31}},"loc":{"start":{"line":248,"column":39},"end":{"line":252,"column":9}},"line":248},"9":{"name":"(anonymous_9)","decl":{"start":{"line":257,"column":50},"end":{"line":257,"column":51}},"loc":{"start":{"line":257,"column":55},"end":{"line":257,"column":66}},"line":257},"10":{"name":"(anonymous_10)","decl":{"start":{"line":278,"column":43},"end":{"line":278,"column":44}},"loc":{"start":{"line":278,"column":48},"end":{"line":278,"column":98}},"line":278},"11":{"name":"(anonymous_11)","decl":{"start":{"line":286,"column":38},"end":{"line":286,"column":39}},"loc":{"start":{"line":286,"column":43},"end":{"line":286,"column":80}},"line":286},"12":{"name":"(anonymous_12)","decl":{"start":{"line":287,"column":42},"end":{"line":287,"column":43}},"loc":{"start":{"line":287,"column":47},"end":{"line":287,"column":88}},"line":287},"13":{"name":"(anonymous_13)","decl":{"start":{"line":288,"column":32},"end":{"line":288,"column":33}},"loc":{"start":{"line":288,"column":37},"end":{"line":288,"column":68}},"line":288},"14":{"name":"(anonymous_14)","decl":{"start":{"line":336,"column":2},"end":{"line":336,"column":3}},"loc":{"start":{"line":336,"column":50},"end":{"line":357,"column":3}},"line":336},"15":{"name":"(anonymous_15)","decl":{"start":{"line":362,"column":2},"end":{"line":362,"column":3}},"loc":{"start":{"line":362,"column":35},"end":{"line":387,"column":3}},"line":362},"16":{"name":"(anonymous_16)","decl":{"start":{"line":368,"column":34},"end":{"line":368,"column":35}},"loc":{"start":{"line":368,"column":47},"end":{"line":371,"column":5}},"line":368},"17":{"name":"(anonymous_17)","decl":{"start":{"line":379,"column":27},"end":{"line":379,"column":28}},"loc":{"start":{"line":379,"column":33},"end":{"line":385,"column":7}},"line":379},"18":{"name":"(anonymous_18)","decl":{"start":{"line":392,"column":2},"end":{"line":392,"column":3}},"loc":{"start":{"line":392,"column":48},"end":{"line":413,"column":3}},"line":392},"19":{"name":"(anonymous_19)","decl":{"start":{"line":417,"column":2},"end":{"line":417,"column":3}},"loc":{"start":{"line":417,"column":55},"end":{"line":438,"column":3}},"line":417},"20":{"name":"(anonymous_20)","decl":{"start":{"line":440,"column":2},"end":{"line":440,"column":3}},"loc":{"start":{"line":440,"column":39},"end":{"line":463,"column":3}},"line":440},"21":{"name":"(anonymous_21)","decl":{"start":{"line":456,"column":40},"end":{"line":456,"column":41}},"loc":{"start":{"line":456,"column":60},"end":{"line":459,"column":5}},"line":456},"22":{"name":"(anonymous_22)","decl":{"start":{"line":465,"column":2},"end":{"line":465,"column":3}},"loc":{"start":{"line":465,"column":28},"end":{"line":474,"column":3}},"line":465},"23":{"name":"(anonymous_23)","decl":{"start":{"line":476,"column":2},"end":{"line":476,"column":3}},"loc":{"start":{"line":476,"column":39},"end":{"line":485,"column":3}},"line":476},"24":{"name":"(anonymous_24)","decl":{"start":{"line":487,"column":2},"end":{"line":487,"column":3}},"loc":{"start":{"line":487,"column":26},"end":{"line":495,"column":3}},"line":487},"25":{"name":"(anonymous_25)","decl":{"start":{"line":497,"column":2},"end":{"line":497,"column":3}},"loc":{"start":{"line":497,"column":41},"end":{"line":500,"column":3}},"line":497},"26":{"name":"(anonymous_26)","decl":{"start":{"line":504,"column":2},"end":{"line":504,"column":3}},"loc":{"start":{"line":504,"column":27},"end":{"line":536,"column":3}},"line":504},"27":{"name":"(anonymous_27)","decl":{"start":{"line":538,"column":2},"end":{"line":538,"column":3}},"loc":{"start":{"line":538,"column":38},"end":{"line":563,"column":3}},"line":538},"28":{"name":"(anonymous_28)","decl":{"start":{"line":565,"column":2},"end":{"line":565,"column":3}},"loc":{"start":{"line":565,"column":36},"end":{"line":585,"column":3}},"line":565}},"branchMap":{"0":{"loc":{"start":{"line":33,"column":27},"end":{"line":33,"column":41}},"type":"default-arg","locations":[{"start":{"line":33,"column":36},"end":{"line":33,"column":41}}],"line":33},"1":{"loc":{"start":{"line":33,"column":43},"end":{"line":33,"column":58}},"type":"default-arg","locations":[{"start":{"line":33,"column":53},"end":{"line":33,"column":58}}],"line":33},"2":{"loc":{"start":{"line":36,"column":4},"end":{"line":41,"column":5}},"type":"if","locations":[{"start":{"line":36,"column":4},"end":{"line":41,"column":5}},{"start":{},"end":{}}],"line":36},"3":{"loc":{"start":{"line":38,"column":6},"end":{"line":40,"column":7}},"type":"if","locations":[{"start":{"line":38,"column":6},"end":{"line":40,"column":7}},{"start":{},"end":{}}],"line":38},"4":{"loc":{"start":{"line":71,"column":30},"end":{"line":71,"column":44}},"type":"default-arg","locations":[{"start":{"line":71,"column":39},"end":{"line":71,"column":44}}],"line":71},"5":{"loc":{"start":{"line":170,"column":29},"end":{"line":170,"column":83}},"type":"cond-expr","locations":[{"start":{"line":170,"column":46},"end":{"line":170,"column":79}},{"start":{"line":170,"column":82},"end":{"line":170,"column":83}}],"line":170},"6":{"loc":{"start":{"line":172,"column":6},"end":{"line":174,"column":11}},"type":"cond-expr","locations":[{"start":{"line":173,"column":10},"end":{"line":173,"column":90}},{"start":{"line":174,"column":10},"end":{"line":174,"column":11}}],"line":172},"7":{"loc":{"start":{"line":176,"column":6},"end":{"line":178,"column":11}},"type":"cond-expr","locations":[{"start":{"line":177,"column":10},"end":{"line":177,"column":77}},{"start":{"line":178,"column":10},"end":{"line":178,"column":11}}],"line":176},"8":{"loc":{"start":{"line":180,"column":6},"end":{"line":182,"column":11}},"type":"cond-expr","locations":[{"start":{"line":181,"column":10},"end":{"line":181,"column":94}},{"start":{"line":182,"column":10},"end":{"line":182,"column":11}}],"line":180},"9":{"loc":{"start":{"line":198,"column":4},"end":{"line":200,"column":5}},"type":"if","locations":[{"start":{"line":198,"column":4},"end":{"line":200,"column":5}},{"start":{},"end":{}}],"line":198},"10":{"loc":{"start":{"line":242,"column":10},"end":{"line":244,"column":11}},"type":"if","locations":[{"start":{"line":242,"column":10},"end":{"line":244,"column":11}},{"start":{},"end":{}}],"line":242},"11":{"loc":{"start":{"line":242,"column":14},"end":{"line":242,"column":83}},"type":"binary-expr","locations":[{"start":{"line":242,"column":14},"end":{"line":242,"column":45}},{"start":{"line":242,"column":49},"end":{"line":242,"column":83}}],"line":242},"12":{"loc":{"start":{"line":249,"column":10},"end":{"line":251,"column":11}},"type":"if","locations":[{"start":{"line":249,"column":10},"end":{"line":251,"column":11}},{"start":{},"end":{}}],"line":249},"13":{"loc":{"start":{"line":249,"column":14},"end":{"line":249,"column":72}},"type":"binary-expr","locations":[{"start":{"line":249,"column":14},"end":{"line":249,"column":41}},{"start":{"line":249,"column":45},"end":{"line":249,"column":72}}],"line":249},"14":{"loc":{"start":{"line":256,"column":10},"end":{"line":258,"column":28}},"type":"cond-expr","locations":[{"start":{"line":257,"column":14},"end":{"line":257,"column":69}},{"start":{"line":258,"column":14},"end":{"line":258,"column":28}}],"line":256},"15":{"loc":{"start":{"line":263,"column":8},"end":{"line":269,"column":9}},"type":"if","locations":[{"start":{"line":263,"column":8},"end":{"line":269,"column":9}},{"start":{"line":265,"column":15},"end":{"line":269,"column":9}}],"line":263},"16":{"loc":{"start":{"line":265,"column":15},"end":{"line":269,"column":9}},"type":"if","locations":[{"start":{"line":265,"column":15},"end":{"line":269,"column":9}},{"start":{"line":267,"column":15},"end":{"line":269,"column":9}}],"line":265},"17":{"loc":{"start":{"line":278,"column":48},"end":{"line":278,"column":98}},"type":"binary-expr","locations":[{"start":{"line":278,"column":48},"end":{"line":278,"column":71}},{"start":{"line":278,"column":75},"end":{"line":278,"column":98}}],"line":278},"18":{"loc":{"start":{"line":296,"column":14},"end":{"line":298,"column":19}},"type":"cond-expr","locations":[{"start":{"line":297,"column":18},"end":{"line":297,"column":85}},{"start":{"line":298,"column":18},"end":{"line":298,"column":19}}],"line":296},"19":{"loc":{"start":{"line":305,"column":14},"end":{"line":307,"column":19}},"type":"cond-expr","locations":[{"start":{"line":306,"column":18},"end":{"line":306,"column":89}},{"start":{"line":307,"column":18},"end":{"line":307,"column":19}}],"line":305},"20":{"loc":{"start":{"line":314,"column":14},"end":{"line":316,"column":19}},"type":"cond-expr","locations":[{"start":{"line":315,"column":18},"end":{"line":315,"column":79}},{"start":{"line":316,"column":18},"end":{"line":316,"column":19}}],"line":314},"21":{"loc":{"start":{"line":336,"column":34},"end":{"line":336,"column":48}},"type":"default-arg","locations":[{"start":{"line":336,"column":43},"end":{"line":336,"column":48}}],"line":336},"22":{"loc":{"start":{"line":341,"column":6},"end":{"line":343,"column":11}},"type":"cond-expr","locations":[{"start":{"line":342,"column":10},"end":{"line":342,"column":80}},{"start":{"line":343,"column":10},"end":{"line":343,"column":11}}],"line":341},"23":{"loc":{"start":{"line":381,"column":14},"end":{"line":381,"column":54}},"type":"binary-expr","locations":[{"start":{"line":381,"column":14},"end":{"line":381,"column":35}},{"start":{"line":381,"column":39},"end":{"line":381,"column":54}}],"line":381},"24":{"loc":{"start":{"line":382,"column":12},"end":{"line":382,"column":58}},"type":"binary-expr","locations":[{"start":{"line":382,"column":12},"end":{"line":382,"column":36}},{"start":{"line":382,"column":40},"end":{"line":382,"column":58}}],"line":382},"25":{"loc":{"start":{"line":392,"column":32},"end":{"line":392,"column":46}},"type":"default-arg","locations":[{"start":{"line":392,"column":41},"end":{"line":392,"column":46}}],"line":392},"26":{"loc":{"start":{"line":404,"column":17},"end":{"line":404,"column":98}},"type":"cond-expr","locations":[{"start":{"line":404,"column":38},"end":{"line":404,"column":94}},{"start":{"line":404,"column":97},"end":{"line":404,"column":98}}],"line":404},"27":{"loc":{"start":{"line":417,"column":37},"end":{"line":417,"column":53}},"type":"default-arg","locations":[{"start":{"line":417,"column":48},"end":{"line":417,"column":53}}],"line":417},"28":{"loc":{"start":{"line":419,"column":19},"end":{"line":419,"column":38}},"type":"cond-expr","locations":[{"start":{"line":419,"column":30},"end":{"line":419,"column":34}},{"start":{"line":419,"column":37},"end":{"line":419,"column":38}}],"line":419},"29":{"loc":{"start":{"line":421,"column":20},"end":{"line":421,"column":95}},"type":"cond-expr","locations":[{"start":{"line":421,"column":31},"end":{"line":421,"column":82}},{"start":{"line":421,"column":85},"end":{"line":421,"column":95}}],"line":421},"30":{"loc":{"start":{"line":452,"column":4},"end":{"line":454,"column":5}},"type":"if","locations":[{"start":{"line":452,"column":4},"end":{"line":454,"column":5}},{"start":{},"end":{}}],"line":452},"31":{"loc":{"start":{"line":473,"column":11},"end":{"line":473,"column":34}},"type":"binary-expr","locations":[{"start":{"line":473,"column":11},"end":{"line":473,"column":28}},{"start":{"line":473,"column":32},"end":{"line":473,"column":34}}],"line":473},"32":{"loc":{"start":{"line":478,"column":4},"end":{"line":480,"column":5}},"type":"if","locations":[{"start":{"line":478,"column":4},"end":{"line":480,"column":5}},{"start":{},"end":{}}],"line":478},"33":{"loc":{"start":{"line":481,"column":4},"end":{"line":483,"column":5}},"type":"if","locations":[{"start":{"line":481,"column":4},"end":{"line":483,"column":5}},{"start":{},"end":{}}],"line":481},"34":{"loc":{"start":{"line":488,"column":4},"end":{"line":490,"column":5}},"type":"if","locations":[{"start":{"line":488,"column":4},"end":{"line":490,"column":5}},{"start":{},"end":{}}],"line":488},"35":{"loc":{"start":{"line":491,"column":4},"end":{"line":493,"column":5}},"type":"if","locations":[{"start":{"line":491,"column":4},"end":{"line":493,"column":5}},{"start":{},"end":{}}],"line":491},"36":{"loc":{"start":{"line":507,"column":6},"end":{"line":514,"column":7}},"type":"if","locations":[{"start":{"line":507,"column":6},"end":{"line":514,"column":7}},{"start":{},"end":{}}],"line":507},"37":{"loc":{"start":{"line":509,"column":8},"end":{"line":513,"column":9}},"type":"if","locations":[{"start":{"line":509,"column":8},"end":{"line":513,"column":9}},{"start":{"line":511,"column":15},"end":{"line":513,"column":9}}],"line":509},"38":{"loc":{"start":{"line":521,"column":6},"end":{"line":529,"column":7}},"type":"if","locations":[{"start":{"line":521,"column":6},"end":{"line":529,"column":7}},{"start":{},"end":{}}],"line":521},"39":{"loc":{"start":{"line":521,"column":10},"end":{"line":521,"column":53}},"type":"binary-expr","locations":[{"start":{"line":521,"column":10},"end":{"line":521,"column":18}},{"start":{"line":521,"column":22},"end":{"line":521,"column":53}}],"line":521},"40":{"loc":{"start":{"line":569,"column":8},"end":{"line":571,"column":9}},"type":"if","locations":[{"start":{"line":569,"column":8},"end":{"line":571,"column":9}},{"start":{},"end":{}}],"line":569}},"s":{"0":0,"1":0,"2":0,"3":0,"4":0,"5":0,"6":0,"7":0,"8":0,"9":0,"10":0,"11":0,"12":0,"13":0,"14":0,"15":0,"16":0,"17":0,"18":0,"19":0,"20":0,"21":0,"22":0,"23":0,"24":0,"25":0,"26":0,"27":0,"28":0,"29":0,"30":0,"31":0,"32":0,"33":0,"34":0,"35":0,"36":0,"37":0,"38":0,"39":0,"40":0,"41":0,"42":0,"43":0,"44":0,"45":0,"46":0,"47":0,"48":0,"49":0,"50":0,"51":0,"52":0,"53":0,"54":0,"55":0,"56":0,"57":0,"58":0,"59":0,"60":0,"61":0,"62":0,"63":0,"64":0,"65":0,"66":0,"67":0,"68":0,"69":0,"70":0,"71":0,"72":0,"73":0,"74":0,"75":0,"76":0,"77":0,"78":0,"79":0,"80":0,"81":0,"82":0,"83":0,"84":0,"85":0,"86":0,"87":0,"88":0,"89":0,"90":0,"91":0,"92":0,"93":0,"94":0,"95":0,"96":0,"97":0,"98":0,"99":0,"100":0,"101":0,"102":0,"103":0,"104":0,"105":0,"106":0,"107":0,"108":0,"109":0,"110":0,"111":0,"112":0,"113":0,"114":0,"115":0,"116":0,"117":0,"118":0,"119":0,"120":0,"121":0,"122":0,"123":0,"124":0,"125":0,"126":0,"127":0,"128":0,"129":0,"130":0,"131":0,"132":0,"133":0,"134":0,"135":0,"136":0,"137":0,"138":0,"139":0,"140":0,"141":0,"142":0,"143":0,"144":0,"145":0,"146":0,"147":0,"148":0,"149":0,"150":0,"151":0,"152":0,"153":0},"f":{"0":0,"1":0,"2":0,"3":0,"4":0,"5":0,"6":0,"7":0,"8":0,"9":0,"10":0,"11":0,"12":0,"13":0,"14":0,"15":0,"16":0,"17":0,"18":0,"19":0,"20":0,"21":0,"22":0,"23":0,"24":0,"25":0,"26":0,"27":0,"28":0},"b":{"0":[0],"1":[0],"2":[0,0],"3":[0,0],"4":[0],"5":[0,0],"6":[0,0],"7":[0,0],"8":[0,0],"9":[0,0],"10":[0,0],"11":[0,0],"12":[0,0],"13":[0,0],"14":[0,0],"15":[0,0],"16":[0,0],"17":[0,0],"18":[0,0],"19":[0,0],"20":[0,0],"21":[0],"22":[0,0],"23":[0,0],"24":[0,0],"25":[0],"26":[0,0],"27":[0],"28":[0,0],"29":[0,0],"30":[0,0],"31":[0,0],"32":[0,0],"33":[0,0],"34":[0,0],"35":[0,0],"36":[0,0],"37":[0,0],"38":[0,0],"39":[0,0],"40":[0,0]},"inputSourceMap":null}
,"C:\\Users\\cdali\\Downloads\\capital-ladder-app\\lib\\createApp.js": {"path":"C:\\Users\\cdali\\Downloads\\capital-ladder-app\\lib\\createApp.js","statementMap":{"0":{"start":{"line":6,"column":16},"end":{"line":6,"column":34}},"1":{"start":{"line":7,"column":13},"end":{"line":7,"column":28}},"2":{"start":{"line":8,"column":13},"end":{"line":8,"column":28}},"3":{"start":{"line":9,"column":13},"end":{"line":9,"column":28}},"4":{"start":{"line":10,"column":19},"end":{"line":10,"column":39}},"5":{"start":{"line":11,"column":15},"end":{"line":11,"column":32}},"6":{"start":{"line":12,"column":18},"end":{"line":12,"column":47}},"7":{"start":{"line":13,"column":21},"end":{"line":13,"column":45}},"8":{"start":{"line":14,"column":17},"end":{"line":14,"column":46}},"9":{"start":{"line":16,"column":25},"end":{"line":16,"column":63}},"10":{"start":{"line":17,"column":26},"end":{"line":17,"column":69}},"11":{"start":{"line":20,"column":14},"end":{"line":20,"column":23}},"12":{"start":{"line":21,"column":17},"end":{"line":21,"column":39}},"13":{"start":{"line":22,"column":13},"end":{"line":24,"column":4}},"14":{"start":{"line":27,"column":2},"end":{"line":27,"column":20}},"15":{"start":{"line":28,"column":2},"end":{"line":28,"column":53}},"16":{"start":{"line":29,"column":2},"end":{"line":29,"column":26}},"17":{"start":{"line":30,"column":2},"end":{"line":30,"column":26}},"18":{"start":{"line":31,"column":2},"end":{"line":31,"column":58}},"19":{"start":{"line":34,"column":2},"end":{"line":34,"column":34}},"20":{"start":{"line":35,"column":2},"end":{"line":35,"column":40}},"21":{"start":{"line":38,"column":21},"end":{"line":41,"column":4}},"22":{"start":{"line":40,"column":16},"end":{"line":40,"column":86}},"23":{"start":{"line":42,"column":2},"end":{"line":42,"column":30}},"24":{"start":{"line":45,"column":22},"end":{"line":53,"column":3}},"25":{"start":{"line":55,"column":2},"end":{"line":66,"column":5}},"26":{"start":{"line":56,"column":4},"end":{"line":65,"column":5}},"27":{"start":{"line":58,"column":6},"end":{"line":58,"column":54}},"28":{"start":{"line":59,"column":6},"end":{"line":59,"column":39}},"29":{"start":{"line":62,"column":6},"end":{"line":64,"column":7}},"30":{"start":{"line":63,"column":8},"end":{"line":63,"column":65}},"31":{"start":{"line":69,"column":2},"end":{"line":292,"column":3}},"32":{"start":{"line":71,"column":16},"end":{"line":71,"column":39}},"33":{"start":{"line":73,"column":4},"end":{"line":77,"column":5}},"34":{"start":{"line":74,"column":6},"end":{"line":74,"column":53}},"35":{"start":{"line":76,"column":6},"end":{"line":76,"column":101}},"36":{"start":{"line":76,"column":46},"end":{"line":76,"column":97}},"37":{"start":{"line":79,"column":21},"end":{"line":95,"column":5}},"38":{"start":{"line":80,"column":16},"end":{"line":80,"column":41}},"39":{"start":{"line":81,"column":6},"end":{"line":85,"column":7}},"40":{"start":{"line":82,"column":22},"end":{"line":82,"column":34}},"41":{"start":{"line":83,"column":8},"end":{"line":83,"column":78}},"42":{"start":{"line":83,"column":62},"end":{"line":83,"column":78}},"43":{"start":{"line":84,"column":8},"end":{"line":84,"column":39}},"44":{"start":{"line":84,"column":30},"end":{"line":84,"column":39}},"45":{"start":{"line":86,"column":6},"end":{"line":92,"column":7}},"46":{"start":{"line":87,"column":22},"end":{"line":87,"column":70}},"47":{"start":{"line":87,"column":61},"end":{"line":87,"column":69}},"48":{"start":{"line":88,"column":8},"end":{"line":91,"column":9}},"49":{"start":{"line":89,"column":31},"end":{"line":89,"column":43}},"50":{"start":{"line":90,"column":10},"end":{"line":90,"column":71}},"51":{"start":{"line":90,"column":29},"end":{"line":90,"column":71}},"52":{"start":{"line":93,"column":6},"end":{"line":93,"column":51}},"53":{"start":{"line":93,"column":28},"end":{"line":93,"column":51}},"54":{"start":{"line":94,"column":6},"end":{"line":94,"column":18}},"55":{"start":{"line":98,"column":4},"end":{"line":122,"column":7}},"56":{"start":{"line":99,"column":6},"end":{"line":121,"column":7}},"57":{"start":{"line":100,"column":27},"end":{"line":100,"column":52}},"58":{"start":{"line":101,"column":8},"end":{"line":103,"column":9}},"59":{"start":{"line":102,"column":10},"end":{"line":102,"column":90}},"60":{"start":{"line":105,"column":20},"end":{"line":105,"column":24}},"61":{"start":{"line":106,"column":8},"end":{"line":110,"column":9}},"62":{"start":{"line":107,"column":10},"end":{"line":107,"column":43}},"63":{"start":{"line":109,"column":10},"end":{"line":109,"column":32}},"64":{"start":{"line":112,"column":8},"end":{"line":112,"column":92}},"65":{"start":{"line":112,"column":20},"end":{"line":112,"column":92}},"66":{"start":{"line":113,"column":27},"end":{"line":113,"column":56}},"67":{"start":{"line":114,"column":24},"end":{"line":114,"column":49}},"68":{"start":{"line":115,"column":8},"end":{"line":117,"column":9}},"69":{"start":{"line":116,"column":10},"end":{"line":116,"column":66}},"70":{"start":{"line":118,"column":8},"end":{"line":118,"column":74}},"71":{"start":{"line":120,"column":8},"end":{"line":120,"column":64}},"72":{"start":{"line":125,"column":4},"end":{"line":147,"column":7}},"73":{"start":{"line":126,"column":6},"end":{"line":146,"column":7}},"74":{"start":{"line":127,"column":22},"end":{"line":127,"column":35}},"75":{"start":{"line":128,"column":8},"end":{"line":128,"column":92}},"76":{"start":{"line":128,"column":20},"end":{"line":128,"column":92}},"77":{"start":{"line":129,"column":27},"end":{"line":129,"column":56}},"78":{"start":{"line":130,"column":24},"end":{"line":130,"column":49}},"79":{"start":{"line":131,"column":8},"end":{"line":131,"column":36}},"80":{"start":{"line":133,"column":33},"end":{"line":133,"column":63}},"81":{"start":{"line":134,"column":23},"end":{"line":134,"column":41}},"82":{"start":{"line":135,"column":21},"end":{"line":137,"column":10}},"83":{"start":{"line":139,"column":8},"end":{"line":139,"column":76}},"84":{"start":{"line":139,"column":19},"end":{"line":139,"column":76}},"85":{"start":{"line":140,"column":8},"end":{"line":140,"column":98}},"86":{"start":{"line":140,"column":28},"end":{"line":140,"column":98}},"87":{"start":{"line":141,"column":8},"end":{"line":141,"column":95}},"88":{"start":{"line":141,"column":27},"end":{"line":141,"column":95}},"89":{"start":{"line":143,"column":8},"end":{"line":143,"column":63}},"90":{"start":{"line":145,"column":8},"end":{"line":145,"column":72}},"91":{"start":{"line":150,"column":4},"end":{"line":161,"column":7}},"92":{"start":{"line":151,"column":6},"end":{"line":160,"column":7}},"93":{"start":{"line":152,"column":22},"end":{"line":152,"column":35}},"94":{"start":{"line":153,"column":8},"end":{"line":153,"column":76}},"95":{"start":{"line":153,"column":20},"end":{"line":153,"column":76}},"96":{"start":{"line":154,"column":27},"end":{"line":154,"column":56}},"97":{"start":{"line":155,"column":24},"end":{"line":155,"column":49}},"98":{"start":{"line":156,"column":8},"end":{"line":156,"column":104}},"99":{"start":{"line":156,"column":48},"end":{"line":156,"column":104}},"100":{"start":{"line":157,"column":8},"end":{"line":157,"column":95}},"101":{"start":{"line":159,"column":8},"end":{"line":159,"column":64}},"102":{"start":{"line":164,"column":17},"end":{"line":164,"column":46}},"103":{"start":{"line":165,"column":4},"end":{"line":165,"column":111}},"104":{"start":{"line":165,"column":96},"end":{"line":165,"column":109}},"105":{"start":{"line":166,"column":4},"end":{"line":166,"column":80}},"106":{"start":{"line":166,"column":65},"end":{"line":166,"column":78}},"107":{"start":{"line":169,"column":25},"end":{"line":169,"column":34}},"108":{"start":{"line":170,"column":4},"end":{"line":200,"column":7}},"109":{"start":{"line":171,"column":20},"end":{"line":171,"column":33}},"110":{"start":{"line":172,"column":19},"end":{"line":172,"column":23}},"111":{"start":{"line":173,"column":6},"end":{"line":179,"column":7}},"112":{"start":{"line":174,"column":8},"end":{"line":178,"column":22}},"113":{"start":{"line":175,"column":29},"end":{"line":175,"column":58}},"114":{"start":{"line":176,"column":26},"end":{"line":176,"column":51}},"115":{"start":{"line":177,"column":10},"end":{"line":177,"column":34}},"116":{"start":{"line":181,"column":6},"end":{"line":181,"column":54}},"117":{"start":{"line":181,"column":19},"end":{"line":181,"column":54}},"118":{"start":{"line":183,"column":18},"end":{"line":183,"column":28}},"119":{"start":{"line":184,"column":23},"end":{"line":184,"column":37}},"120":{"start":{"line":185,"column":6},"end":{"line":188,"column":7}},"121":{"start":{"line":186,"column":8},"end":{"line":186,"column":74}},"122":{"start":{"line":187,"column":8},"end":{"line":187,"column":43}},"123":{"start":{"line":189,"column":19},"end":{"line":189,"column":43}},"124":{"start":{"line":190,"column":6},"end":{"line":194,"column":7}},"125":{"start":{"line":191,"column":8},"end":{"line":191,"column":23}},"126":{"start":{"line":192,"column":8},"end":{"line":192,"column":40}},"127":{"start":{"line":193,"column":8},"end":{"line":193,"column":43}},"128":{"start":{"line":195,"column":6},"end":{"line":197,"column":7}},"129":{"start":{"line":196,"column":8},"end":{"line":196,"column":113}},"130":{"start":{"line":198,"column":6},"end":{"line":198,"column":19}},"131":{"start":{"line":199,"column":6},"end":{"line":199,"column":41}},"132":{"start":{"line":204,"column":4},"end":{"line":220,"column":7}},"133":{"start":{"line":205,"column":6},"end":{"line":219,"column":7}},"134":{"start":{"line":206,"column":39},"end":{"line":206,"column":53}},"135":{"start":{"line":207,"column":19},"end":{"line":207,"column":68}},"136":{"start":{"line":208,"column":27},"end":{"line":208,"column":56}},"137":{"start":{"line":209,"column":22},"end":{"line":209,"column":82}},"138":{"start":{"line":210,"column":8},"end":{"line":216,"column":11}},"139":{"start":{"line":218,"column":8},"end":{"line":218,"column":88}},"140":{"start":{"line":223,"column":4},"end":{"line":225,"column":18}},"141":{"start":{"line":224,"column":6},"end":{"line":224,"column":55}},"142":{"start":{"line":227,"column":19},"end":{"line":227,"column":75}},"143":{"start":{"line":228,"column":24},"end":{"line":239,"column":5}},"144":{"start":{"line":229,"column":6},"end":{"line":238,"column":7}},"145":{"start":{"line":230,"column":27},"end":{"line":230,"column":56}},"146":{"start":{"line":231,"column":22},"end":{"line":231,"column":35}},"147":{"start":{"line":232,"column":24},"end":{"line":232,"column":49}},"148":{"start":{"line":233,"column":8},"end":{"line":233,"column":68}},"149":{"start":{"line":233,"column":41},"end":{"line":233,"column":68}},"150":{"start":{"line":234,"column":8},"end":{"line":234,"column":30}},"151":{"start":{"line":236,"column":8},"end":{"line":236,"column":56}},"152":{"start":{"line":237,"column":8},"end":{"line":237,"column":20}},"153":{"start":{"line":241,"column":4},"end":{"line":247,"column":7}},"154":{"start":{"line":242,"column":18},"end":{"line":242,"column":39}},"155":{"start":{"line":243,"column":6},"end":{"line":243,"column":23}},"156":{"start":{"line":243,"column":16},"end":{"line":243,"column":23}},"157":{"start":{"line":244,"column":17},"end":{"line":244,"column":40}},"158":{"start":{"line":245,"column":6},"end":{"line":245,"column":75}},"159":{"start":{"line":246,"column":6},"end":{"line":246,"column":35}},"160":{"start":{"line":249,"column":4},"end":{"line":255,"column":7}},"161":{"start":{"line":250,"column":18},"end":{"line":250,"column":39}},"162":{"start":{"line":251,"column":6},"end":{"line":251,"column":23}},"163":{"start":{"line":251,"column":16},"end":{"line":251,"column":23}},"164":{"start":{"line":252,"column":17},"end":{"line":252,"column":30}},"165":{"start":{"line":253,"column":6},"end":{"line":253,"column":90}},"166":{"start":{"line":253,"column":38},"end":{"line":253,"column":90}},"167":{"start":{"line":254,"column":6},"end":{"line":254,"column":34}},"168":{"start":{"line":257,"column":4},"end":{"line":263,"column":7}},"169":{"start":{"line":258,"column":18},"end":{"line":258,"column":39}},"170":{"start":{"line":259,"column":6},"end":{"line":259,"column":23}},"171":{"start":{"line":259,"column":16},"end":{"line":259,"column":23}},"172":{"start":{"line":260,"column":17},"end":{"line":260,"column":30}},"173":{"start":{"line":261,"column":6},"end":{"line":261,"column":90}},"174":{"start":{"line":261,"column":38},"end":{"line":261,"column":90}},"175":{"start":{"line":262,"column":6},"end":{"line":262,"column":34}},"176":{"start":{"line":265,"column":4},"end":{"line":271,"column":7}},"177":{"start":{"line":266,"column":18},"end":{"line":266,"column":39}},"178":{"start":{"line":267,"column":6},"end":{"line":267,"column":23}},"179":{"start":{"line":267,"column":16},"end":{"line":267,"column":23}},"180":{"start":{"line":268,"column":22},"end":{"line":268,"column":45}},"181":{"start":{"line":269,"column":6},"end":{"line":269,"column":51}},"182":{"start":{"line":270,"column":6},"end":{"line":270,"column":44}},"183":{"start":{"line":273,"column":4},"end":{"line":279,"column":7}},"184":{"start":{"line":274,"column":18},"end":{"line":274,"column":39}},"185":{"start":{"line":275,"column":6},"end":{"line":275,"column":23}},"186":{"start":{"line":275,"column":16},"end":{"line":275,"column":23}},"187":{"start":{"line":276,"column":17},"end":{"line":276,"column":30}},"188":{"start":{"line":277,"column":6},"end":{"line":277,"column":87}},"189":{"start":{"line":277,"column":35},"end":{"line":277,"column":87}},"190":{"start":{"line":278,"column":6},"end":{"line":278,"column":34}},"191":{"start":{"line":281,"column":4},"end":{"line":285,"column":7}},"192":{"start":{"line":282,"column":18},"end":{"line":282,"column":39}},"193":{"start":{"line":283,"column":6},"end":{"line":283,"column":23}},"194":{"start":{"line":283,"column":16},"end":{"line":283,"column":23}},"195":{"start":{"line":284,"column":6},"end":{"line":284,"column":32}},"196":{"start":{"line":287,"column":4},"end":{"line":291,"column":7}},"197":{"start":{"line":288,"column":18},"end":{"line":288,"column":39}},"198":{"start":{"line":289,"column":6},"end":{"line":289,"column":23}},"199":{"start":{"line":289,"column":16},"end":{"line":289,"column":23}},"200":{"start":{"line":290,"column":6},"end":{"line":290,"column":32}},"201":{"start":{"line":295,"column":2},"end":{"line":300,"column":3}},"202":{"start":{"line":296,"column":4},"end":{"line":299,"column":7}},"203":{"start":{"line":297,"column":6},"end":{"line":297,"column":53}},"204":{"start":{"line":297,"column":39},"end":{"line":297,"column":53}},"205":{"start":{"line":298,"column":6},"end":{"line":298,"column":65}},"206":{"start":{"line":303,"column":2},"end":{"line":306,"column":3}},"207":{"start":{"line":304,"column":4},"end":{"line":304,"column":35}},"208":{"start":{"line":305,"column":4},"end":{"line":305,"column":33}},"209":{"start":{"line":308,"column":2},"end":{"line":308,"column":29}},"210":{"start":{"line":311,"column":0},"end":{"line":311,"column":31}}},"fnMap":{"0":{"name":"createApp","decl":{"start":{"line":19,"column":9},"end":{"line":19,"column":18}},"loc":{"start":{"line":19,"column":21},"end":{"line":309,"column":1}},"line":19},"1":{"name":"(anonymous_1)","decl":{"start":{"line":40,"column":10},"end":{"line":40,"column":11}},"loc":{"start":{"line":40,"column":16},"end":{"line":40,"column":86}},"line":40},"2":{"name":"(anonymous_2)","decl":{"start":{"line":55,"column":22},"end":{"line":55,"column":23}},"loc":{"start":{"line":55,"column":46},"end":{"line":66,"column":3}},"line":55},"3":{"name":"(anonymous_3)","decl":{"start":{"line":76,"column":39},"end":{"line":76,"column":40}},"loc":{"start":{"line":76,"column":46},"end":{"line":76,"column":97}},"line":76},"4":{"name":"(anonymous_4)","decl":{"start":{"line":79,"column":21},"end":{"line":79,"column":22}},"loc":{"start":{"line":79,"column":30},"end":{"line":95,"column":5}},"line":79},"5":{"name":"(anonymous_5)","decl":{"start":{"line":87,"column":56},"end":{"line":87,"column":57}},"loc":{"start":{"line":87,"column":61},"end":{"line":87,"column":69}},"line":87},"6":{"name":"(anonymous_6)","decl":{"start":{"line":98,"column":26},"end":{"line":98,"column":27}},"loc":{"start":{"line":98,"column":40},"end":{"line":122,"column":5}},"line":98},"7":{"name":"(anonymous_7)","decl":{"start":{"line":125,"column":27},"end":{"line":125,"column":28}},"loc":{"start":{"line":125,"column":47},"end":{"line":147,"column":5}},"line":125},"8":{"name":"(anonymous_8)","decl":{"start":{"line":150,"column":30},"end":{"line":150,"column":31}},"loc":{"start":{"line":150,"column":44},"end":{"line":161,"column":5}},"line":150},"9":{"name":"(anonymous_9)","decl":{"start":{"line":165,"column":76},"end":{"line":165,"column":77}},"loc":{"start":{"line":165,"column":96},"end":{"line":165,"column":109}},"line":165},"10":{"name":"(anonymous_10)","decl":{"start":{"line":166,"column":45},"end":{"line":166,"column":46}},"loc":{"start":{"line":166,"column":65},"end":{"line":166,"column":78}},"line":166},"11":{"name":"(anonymous_11)","decl":{"start":{"line":170,"column":32},"end":{"line":170,"column":33}},"loc":{"start":{"line":170,"column":46},"end":{"line":200,"column":5}},"line":170},"12":{"name":"(anonymous_12)","decl":{"start":{"line":204,"column":35},"end":{"line":204,"column":36}},"loc":{"start":{"line":204,"column":49},"end":{"line":220,"column":5}},"line":204},"13":{"name":"(anonymous_13)","decl":{"start":{"line":228,"column":24},"end":{"line":228,"column":25}},"loc":{"start":{"line":228,"column":38},"end":{"line":239,"column":5}},"line":228},"14":{"name":"(anonymous_14)","decl":{"start":{"line":241,"column":32},"end":{"line":241,"column":33}},"loc":{"start":{"line":241,"column":46},"end":{"line":247,"column":5}},"line":241},"15":{"name":"(anonymous_15)","decl":{"start":{"line":249,"column":44},"end":{"line":249,"column":45}},"loc":{"start":{"line":249,"column":58},"end":{"line":255,"column":5}},"line":249},"16":{"name":"(anonymous_16)","decl":{"start":{"line":257,"column":44},"end":{"line":257,"column":45}},"loc":{"start":{"line":257,"column":58},"end":{"line":263,"column":5}},"line":257},"17":{"name":"(anonymous_17)","decl":{"start":{"line":265,"column":63},"end":{"line":265,"column":64}},"loc":{"start":{"line":265,"column":77},"end":{"line":271,"column":5}},"line":265},"18":{"name":"(anonymous_18)","decl":{"start":{"line":273,"column":39},"end":{"line":273,"column":40}},"loc":{"start":{"line":273,"column":53},"end":{"line":279,"column":5}},"line":273},"19":{"name":"(anonymous_19)","decl":{"start":{"line":281,"column":35},"end":{"line":281,"column":36}},"loc":{"start":{"line":281,"column":49},"end":{"line":285,"column":5}},"line":281},"20":{"name":"(anonymous_20)","decl":{"start":{"line":287,"column":32},"end":{"line":287,"column":33}},"loc":{"start":{"line":287,"column":46},"end":{"line":291,"column":5}},"line":287},"21":{"name":"(anonymous_21)","decl":{"start":{"line":296,"column":17},"end":{"line":296,"column":18}},"loc":{"start":{"line":296,"column":37},"end":{"line":299,"column":5}},"line":296}},"branchMap":{"0":{"loc":{"start":{"line":40,"column":16},"end":{"line":40,"column":86}},"type":"binary-expr","locations":[{"start":{"line":40,"column":16},"end":{"line":40,"column":33}},{"start":{"line":40,"column":38},"end":{"line":40,"column":85}}],"line":40},"1":{"loc":{"start":{"line":62,"column":6},"end":{"line":64,"column":7}},"type":"if","locations":[{"start":{"line":62,"column":6},"end":{"line":64,"column":7}},{"start":{},"end":{}}],"line":62},"2":{"loc":{"start":{"line":69,"column":2},"end":{"line":292,"column":3}},"type":"if","locations":[{"start":{"line":69,"column":2},"end":{"line":292,"column":3}},{"start":{},"end":{}}],"line":69},"3":{"loc":{"start":{"line":76,"column":56},"end":{"line":76,"column":95}},"type":"binary-expr","locations":[{"start":{"line":76,"column":56},"end":{"line":76,"column":78}},{"start":{"line":76,"column":82},"end":{"line":76,"column":95}}],"line":76},"4":{"loc":{"start":{"line":81,"column":6},"end":{"line":85,"column":7}},"type":"if","locations":[{"start":{"line":81,"column":6},"end":{"line":85,"column":7}},{"start":{},"end":{}}],"line":81},"5":{"loc":{"start":{"line":83,"column":8},"end":{"line":83,"column":78}},"type":"if","locations":[{"start":{"line":83,"column":8},"end":{"line":83,"column":78}},{"start":{},"end":{}}],"line":83},"6":{"loc":{"start":{"line":83,"column":12},"end":{"line":83,"column":60}},"type":"binary-expr","locations":[{"start":{"line":83,"column":12},"end":{"line":83,"column":30}},{"start":{"line":83,"column":34},"end":{"line":83,"column":60}}],"line":83},"7":{"loc":{"start":{"line":84,"column":8},"end":{"line":84,"column":39}},"type":"if","locations":[{"start":{"line":84,"column":8},"end":{"line":84,"column":39}},{"start":{},"end":{}}],"line":84},"8":{"loc":{"start":{"line":86,"column":6},"end":{"line":92,"column":7}},"type":"if","locations":[{"start":{"line":86,"column":6},"end":{"line":92,"column":7}},{"start":{},"end":{}}],"line":86},"9":{"loc":{"start":{"line":90,"column":10},"end":{"line":90,"column":71}},"type":"if","locations":[{"start":{"line":90,"column":10},"end":{"line":90,"column":71}},{"start":{},"end":{}}],"line":90},"10":{"loc":{"start":{"line":93,"column":6},"end":{"line":93,"column":51}},"type":"if","locations":[{"start":{"line":93,"column":6},"end":{"line":93,"column":51}},{"start":{},"end":{}}],"line":93},"11":{"loc":{"start":{"line":101,"column":8},"end":{"line":103,"column":9}},"type":"if","locations":[{"start":{"line":101,"column":8},"end":{"line":103,"column":9}},{"start":{},"end":{}}],"line":101},"12":{"loc":{"start":{"line":101,"column":12},"end":{"line":101,"column":57}},"type":"binary-expr","locations":[{"start":{"line":101,"column":12},"end":{"line":101,"column":22}},{"start":{"line":101,"column":26},"end":{"line":101,"column":57}}],"line":101},"13":{"loc":{"start":{"line":106,"column":8},"end":{"line":110,"column":9}},"type":"if","locations":[{"start":{"line":106,"column":8},"end":{"line":110,"column":9}},{"start":{"line":108,"column":15},"end":{"line":110,"column":9}}],"line":106},"14":{"loc":{"start":{"line":106,"column":12},"end":{"line":106,"column":56}},"type":"binary-expr","locations":[{"start":{"line":106,"column":12},"end":{"line":106,"column":22}},{"start":{"line":106,"column":26},"end":{"line":106,"column":56}}],"line":106},"15":{"loc":{"start":{"line":112,"column":8},"end":{"line":112,"column":92}},"type":"if","locations":[{"start":{"line":112,"column":8},"end":{"line":112,"column":92}},{"start":{},"end":{}}],"line":112},"16":{"loc":{"start":{"line":115,"column":8},"end":{"line":117,"column":9}},"type":"if","locations":[{"start":{"line":115,"column":8},"end":{"line":117,"column":9}},{"start":{},"end":{}}],"line":115},"17":{"loc":{"start":{"line":115,"column":12},"end":{"line":115,"column":46}},"type":"binary-expr","locations":[{"start":{"line":115,"column":12},"end":{"line":115,"column":20}},{"start":{"line":115,"column":24},"end":{"line":115,"column":46}}],"line":115},"18":{"loc":{"start":{"line":128,"column":8},"end":{"line":128,"column":92}},"type":"if","locations":[{"start":{"line":128,"column":8},"end":{"line":128,"column":92}},{"start":{},"end":{}}],"line":128},"19":{"loc":{"start":{"line":139,"column":8},"end":{"line":139,"column":76}},"type":"if","locations":[{"start":{"line":139,"column":8},"end":{"line":139,"column":76}},{"start":{},"end":{}}],"line":139},"20":{"loc":{"start":{"line":140,"column":8},"end":{"line":140,"column":98}},"type":"if","locations":[{"start":{"line":140,"column":8},"end":{"line":140,"column":98}},{"start":{},"end":{}}],"line":140},"21":{"loc":{"start":{"line":141,"column":8},"end":{"line":141,"column":95}},"type":"if","locations":[{"start":{"line":141,"column":8},"end":{"line":141,"column":95}},{"start":{},"end":{}}],"line":141},"22":{"loc":{"start":{"line":153,"column":8},"end":{"line":153,"column":76}},"type":"if","locations":[{"start":{"line":153,"column":8},"end":{"line":153,"column":76}},{"start":{},"end":{}}],"line":153},"23":{"loc":{"start":{"line":156,"column":8},"end":{"line":156,"column":104}},"type":"if","locations":[{"start":{"line":156,"column":8},"end":{"line":156,"column":104}},{"start":{},"end":{}}],"line":156},"24":{"loc":{"start":{"line":156,"column":12},"end":{"line":156,"column":46}},"type":"binary-expr","locations":[{"start":{"line":156,"column":12},"end":{"line":156,"column":20}},{"start":{"line":156,"column":24},"end":{"line":156,"column":46}}],"line":156},"25":{"loc":{"start":{"line":173,"column":6},"end":{"line":179,"column":7}},"type":"if","locations":[{"start":{"line":173,"column":6},"end":{"line":179,"column":7}},{"start":{},"end":{}}],"line":173},"26":{"loc":{"start":{"line":181,"column":6},"end":{"line":181,"column":54}},"type":"if","locations":[{"start":{"line":181,"column":6},"end":{"line":181,"column":54}},{"start":{},"end":{}}],"line":181},"27":{"loc":{"start":{"line":185,"column":6},"end":{"line":188,"column":7}},"type":"if","locations":[{"start":{"line":185,"column":6},"end":{"line":188,"column":7}},{"start":{},"end":{}}],"line":185},"28":{"loc":{"start":{"line":190,"column":6},"end":{"line":194,"column":7}},"type":"if","locations":[{"start":{"line":190,"column":6},"end":{"line":194,"column":7}},{"start":{},"end":{}}],"line":190},"29":{"loc":{"start":{"line":195,"column":6},"end":{"line":197,"column":7}},"type":"if","locations":[{"start":{"line":195,"column":6},"end":{"line":197,"column":7}},{"start":{},"end":{}}],"line":195},"30":{"loc":{"start":{"line":206,"column":39},"end":{"line":206,"column":53}},"type":"binary-expr","locations":[{"start":{"line":206,"column":39},"end":{"line":206,"column":47}},{"start":{"line":206,"column":51},"end":{"line":206,"column":53}}],"line":206},"31":{"loc":{"start":{"line":233,"column":8},"end":{"line":233,"column":68}},"type":"if","locations":[{"start":{"line":233,"column":8},"end":{"line":233,"column":68}},{"start":{},"end":{}}],"line":233},"32":{"loc":{"start":{"line":233,"column":12},"end":{"line":233,"column":39}},"type":"binary-expr","locations":[{"start":{"line":233,"column":12},"end":{"line":233,"column":20}},{"start":{"line":233,"column":24},"end":{"line":233,"column":39}}],"line":233},"33":{"loc":{"start":{"line":243,"column":6},"end":{"line":243,"column":23}},"type":"if","locations":[{"start":{"line":243,"column":6},"end":{"line":243,"column":23}},{"start":{},"end":{}}],"line":243},"34":{"loc":{"start":{"line":251,"column":6},"end":{"line":251,"column":23}},"type":"if","locations":[{"start":{"line":251,"column":6},"end":{"line":251,"column":23}},{"start":{},"end":{}}],"line":251},"35":{"loc":{"start":{"line":253,"column":6},"end":{"line":253,"column":90}},"type":"if","locations":[{"start":{"line":253,"column":6},"end":{"line":253,"column":90}},{"start":{},"end":{}}],"line":253},"36":{"loc":{"start":{"line":259,"column":6},"end":{"line":259,"column":23}},"type":"if","locations":[{"start":{"line":259,"column":6},"end":{"line":259,"column":23}},{"start":{},"end":{}}],"line":259},"37":{"loc":{"start":{"line":261,"column":6},"end":{"line":261,"column":90}},"type":"if","locations":[{"start":{"line":261,"column":6},"end":{"line":261,"column":90}},{"start":{},"end":{}}],"line":261},"38":{"loc":{"start":{"line":267,"column":6},"end":{"line":267,"column":23}},"type":"if","locations":[{"start":{"line":267,"column":6},"end":{"line":267,"column":23}},{"start":{},"end":{}}],"line":267},"39":{"loc":{"start":{"line":275,"column":6},"end":{"line":275,"column":23}},"type":"if","locations":[{"start":{"line":275,"column":6},"end":{"line":275,"column":23}},{"start":{},"end":{}}],"line":275},"40":{"loc":{"start":{"line":277,"column":6},"end":{"line":277,"column":87}},"type":"if","locations":[{"start":{"line":277,"column":6},"end":{"line":277,"column":87}},{"start":{},"end":{}}],"line":277},"41":{"loc":{"start":{"line":283,"column":6},"end":{"line":283,"column":23}},"type":"if","locations":[{"start":{"line":283,"column":6},"end":{"line":283,"column":23}},{"start":{},"end":{}}],"line":283},"42":{"loc":{"start":{"line":289,"column":6},"end":{"line":289,"column":23}},"type":"if","locations":[{"start":{"line":289,"column":6},"end":{"line":289,"column":23}},{"start":{},"end":{}}],"line":289},"43":{"loc":{"start":{"line":295,"column":2},"end":{"line":300,"column":3}},"type":"if","locations":[{"start":{"line":295,"column":2},"end":{"line":300,"column":3}},{"start":{},"end":{}}],"line":295},"44":{"loc":{"start":{"line":297,"column":6},"end":{"line":297,"column":53}},"type":"if","locations":[{"start":{"line":297,"column":6},"end":{"line":297,"column":53}},{"start":{},"end":{}}],"line":297},"45":{"loc":{"start":{"line":303,"column":2},"end":{"line":306,"column":3}},"type":"if","locations":[{"start":{"line":303,"column":2},"end":{"line":306,"column":3}},{"start":{},"end":{}}],"line":303}},"s":{"0":3,"1":3,"2":3,"3":3,"4":3,"5":3,"6":3,"7":3,"8":3,"9":3,"10":3,"11":3,"12":3,"13":3,"14":3,"15":3,"16":3,"17":3,"18":3,"19":3,"20":3,"21":3,"22":22,"23":3,"24":3,"25":3,"26":21,"27":21,"28":9,"29":12,"30":0,"31":3,"32":3,"33":3,"34":3,"35":0,"36":0,"37":3,"38":29,"39":29,"40":23,"41":23,"42":23,"43":0,"44":0,"45":6,"46":1,"47":1,"48":1,"49":1,"50":1,"51":1,"52":5,"53":1,"54":4,"55":3,"56":77,"57":77,"58":77,"59":2,"60":75,"61":75,"62":72,"63":3,"64":75,"65":1,"66":74,"67":74,"68":20,"69":3,"70":17,"71":54,"72":3,"73":6,"74":6,"75":6,"76":1,"77":5,"78":5,"79":5,"80":5,"81":5,"82":5,"83":4,"84":1,"85":3,"86":1,"87":2,"88":1,"89":1,"90":1,"91":3,"92":4,"93":4,"94":4,"95":1,"96":3,"97":3,"98":1,"99":0,"100":1,"101":2,"102":3,"103":3,"104":1,"105":3,"106":1,"107":3,"108":3,"109":5,"110":5,"111":5,"112":4,"113":4,"114":4,"115":4,"116":5,"117":2,"118":3,"119":3,"120":3,"121":3,"122":3,"123":0,"124":0,"125":0,"126":0,"127":0,"128":0,"129":0,"130":0,"131":0,"132":3,"133":2,"134":2,"135":2,"136":2,"137":2,"138":2,"139":0,"140":3,"141":3,"142":3,"143":3,"144":11,"145":11,"146":11,"147":11,"148":11,"149":0,"150":11,"151":0,"152":0,"153":3,"154":1,"155":1,"156":0,"157":1,"158":1,"159":1,"160":3,"161":1,"162":1,"163":0,"164":1,"165":1,"166":0,"167":1,"168":3,"169":1,"170":1,"171":0,"172":1,"173":1,"174":0,"175":1,"176":3,"177":1,"178":1,"179":0,"180":1,"181":1,"182":1,"183":3,"184":5,"185":5,"186":0,"187":5,"188":5,"189":0,"190":5,"191":3,"192":1,"193":1,"194":0,"195":1,"196":3,"197":1,"198":1,"199":0,"200":1,"201":3,"202":0,"203":0,"204":0,"205":0,"206":3,"207":0,"208":0,"209":3,"210":3},"f":{"0":3,"1":22,"2":21,"3":0,"4"
[...]
{},"end":{}}],"line":403},"36":{"loc":{"start":{"line":414,"column":4},"end":{"line":419,"column":5}},"type":"if","locations":[{"start":{"line":414,"column":4},"end":{"line":419,"column":5}},{"start":{},"end":{}}],"line":414},"37":{"loc":{"start":{"line":416,"column":6},"end":{"line":418,"column":7}},"type":"if","locations":[{"start":{"line":416,"column":6},"end":{"line":418,"column":7}},{"start":{},"end":{}}],"line":416},"38":{"loc":{"start":{"line":441,"column":4},"end":{"line":443,"column":5}},"type":"if","locations":[{"start":{"line":441,"column":4},"end":{"line":443,"column":5}},{"start":{},"end":{}}],"line":441},"39":{"loc":{"start":{"line":457,"column":4},"end":{"line":469,"column":5}},"type":"if","locations":[{"start":{"line":457,"column":4},"end":{"line":469,"column":5}},{"start":{},"end":{}}],"line":457},"40":{"loc":{"start":{"line":460,"column":6},"end":{"line":462,"column":7}},"type":"if","locations":[{"start":{"line":460,"column":6},"end":{"line":462,"column":7}},{"start":{},"end":{}}],"line":460},"41":{"loc":{"start":{"line":486,"column":4},"end":{"line":492,"column":5}},"type":"if","locations":[{"start":{"line":486,"column":4},"end":{"line":492,"column":5}},{"start":{},"end":{}}],"line":486},"42":{"loc":{"start":{"line":533,"column":6},"end":{"line":540,"column":7}},"type":"if","locations":[{"start":{"line":533,"column":6},"end":{"line":540,"column":7}},{"start":{},"end":{}}],"line":533},"43":{"loc":{"start":{"line":553,"column":6},"end":{"line":555,"column":7}},"type":"if","locations":[{"start":{"line":553,"column":6},"end":{"line":555,"column":7}},{"start":{},"end":{}}],"line":553},"44":{"loc":{"start":{"line":568,"column":17},"end":{"line":568,"column":46}},"type":"binary-expr","locations":[{"start":{"line":568,"column":17},"end":{"line":568,"column":41}},{"start":{"line":568,"column":45},"end":{"line":568,"column":46}}],"line":568},"45":{"loc":{"start":{"line":569,"column":18},"end":{"line":569,"column":49}},"type":"binary-expr","locations":[{"start":{"line":569,"column":18},"end":{"line":569,"column":43}},{"start":{"line":569,"column":47},"end":{"line":569,"column":49}}],"line":569},"46":{"loc":{"start":{"line":636,"column":6},"end":{"line":643,"column":7}},"type":"if","locations":[{"start":{"line":636,"column":6},"end":{"line":643,"column":7}},{"start":{},"end":{}}],"line":636},"47":{"loc":{"start":{"line":645,"column":41},"end":{"line":645,"column":49}},"type":"default-arg","locations":[{"start":{"line":645,"column":48},"end":{"line":645,"column":49}}],"line":645},"48":{"loc":{"start":{"line":645,"column":51},"end":{"line":645,"column":61}},"type":"default-arg","locations":[{"start":{"line":645,"column":59},"end":{"line":645,"column":61}}],"line":645},"49":{"loc":{"start":{"line":657,"column":6},"end":{"line":664,"column":7}},"type":"if","locations":[{"start":{"line":657,"column":6},"end":{"line":664,"column":7}},{"start":{},"end":{}}],"line":657},"50":{"loc":{"start":{"line":666,"column":6},"end":{"line":678,"column":7}},"type":"if","locations":[{"start":{"line":666,"column":6},"end":{"line":678,"column":7}},{"start":{},"end":{}}],"line":666},"51":{"loc":{"start":{"line":680,"column":6},"end":{"line":682,"column":7}},"type":"if","locations":[{"start":{"line":680,"column":6},"end":{"line":682,"column":7}},{"start":{},"end":{}}],"line":680},"52":{"loc":{"start":{"line":710,"column":8},"end":{"line":713,"column":9}},"type":"if","locations":[{"start":{"line":710,"column":8},"end":{"line":713,"column":9}},{"start":{},"end":{}}],"line":710},"53":{"loc":{"start":{"line":714,"column":8},"end":{"line":716,"column":9}},"type":"if","locations":[{"start":{"line":714,"column":8},"end":{"line":716,"column":9}},{"start":{},"end":{}}],"line":714}},"s":{"0":4,"1":4,"2":4,"3":4,"4":4,"5":4,"6":4,"7":4,"8":4,"9":4,"10":4,"11":4,"12":4,"13":4,"14":12,"15":15,"16":15,"17":15,"18":0,"19":15,"20":1,"21":1,"22":1,"23":1,"24":1,"25":1,"26":1,"27":15,"28":2,"29":13,"30":13,"31":13,"32":9,"33":9,"34":4,"35":4,"36":16,"37":16,"38":16,"39":4,"40":12,"41":12,"42":11,"43":1,"44":10,"45":10,"46":8,"47":8,"48":8,"49":8,"50":1,"51":8,"52":3,"53":3,"54":4,"55":0,"56":0,"57":0,"58":0,"59":0,"60":0,"61":0,"62":4,"63":0,"64":0,"65":0,"66":4,"67":7,"68":7,"69":7,"70":7,"71":7,"72":1,"73":6,"74":1,"75":5,"76":1,"77":5,"78":5,"79":5,"80":3,"81":5,"82":0,"83":0,"84":5,"85":0,"86":5,"87":0,"88":5,"89":0,"90":0,"91":4,"92":1,"93":1,"94":1,"95":0,"96":1,"97":0,"98":0,"99":0,"100":4,"101":1,"102":1,"103":1,"104":0,"105":0,"106":1,"107":1,"108":1,"109":10,"110":1,"111":0,"112":1,"113":1,"114":1,"115":1,"116":0,"117":0,"118":4,"119":0,"120":0,"121":0,"122":0,"123":0,"124":0,"125":0,"126":0,"127":0,"128":0,"129":0,"130":0,"131":0,"132":0,"133":0,"134":0,"135":4,"136":0,"137":0,"138":0,"139":0,"140":0,"141":0,"142":0,"143":0,"144":0,"145":0,"146":0,"147":4,"148":0,"149":0,"150":0,"151":0,"152":0,"153":0,"154":0,"155":0,"156":4,"157":0,"158":0,"159":0,"160":0,"161":0,"162":0,"163":4,"164":0,"165":0,"166":0,"167":0,"168":0,"169":0,"170":0,"171":0,"172":0,"173":0,"174":0,"175":0,"176":0,"177":4,"178":0,"179":0,"180":0,"181":0,"182":0,"183":0,"184":0,"185":0,"186":0,"187":0,"188":0,"189":0,"190":0,"191":0,"192":0,"193":0,"194":4,"195":0,"196":0,"197":0,"198":0,"199":0,"200":0,"201":0,"202":0,"203":0,"204":0,"205":0,"206":0,"207":0,"208":0,"209":0,"210":0,"211":0,"212":0,"213":0,"214":0,"215":0,"216":0,"217":0,"218":0,"219":0,"220":0,"221":0,"222":0,"223":0,"224":4},"f":{"0":12,"1":15,"2":1,"3":16,"4":0,"5":0,"6":0,"7":7,"8":3,"9":1,"10":0,"11":1,"12":0,"13":0,"14":0,"15":0,"16":0,"17":0,"18":0,"19":0,"20":0,"21":0,"22":0,"23":0,"24":0,"25":0,"26":0},"b":{"0":[4,0],"1":[4,4],"2":[0,0],"3":[4,0],"4":[15,3],"5":[12,3],"6":[0,15],"7":[15,3],"8":[1,14],"9":[15,3],"10":[1,0],"11":[2,13],"12":[4,12],"13":[1,10],"14":[1,7],"15":[0,0],"16":[0,0],"17":[1,6],"18":[1,5],"19":[6,2],"20":[1,4],"21":[3,2],"22":[5,2],"23":[5,2],"24":[5,2],"25":[5,2],"26":[0,5],"27":[0,5],"28":[0,5],"29":[5,0],"30":[0,1],"31":[0,1],"32":[1,9],"33":[0,1],"34":[1,0],"35":[0,0],"36":[0,0],"37":[0,0],"38":[0,0],"39":[0,0],"40":[0,0],"41":[0,0],"42":[0,0],"43":[0,0],"44":[0,0],"45":[0,0],"46":[0,0],"47":[0],"48":[0],"49":[0,0],"50":[0,0],"51":[0,0],"52":[0,0],"53":[0,0]},"inputSourceMap":null,"_coverageSchema":"1a1c01bbd47fc00a2c39e90264f33305004495a9","hash":"5a79a33f7f31ed9f2ae10a049d4dae2f30738da6"}
,"C:\\Users\\cdali\\Downloads\\capital-ladder-app\\utils\\logger.js": {"path":"C:\\Users\\cdali\\Downloads\\capital-ladder-app\\utils\\logger.js","statementMap":{"0":{"start":{"line":6,"column":16},"end":{"line":6,"column":34}},"1":{"start":{"line":7,"column":13},"end":{"line":7,"column":28}},"2":{"start":{"line":10,"column":18},"end":{"line":16,"column":1}},"3":{"start":{"line":18,"column":18},"end":{"line":24,"column":1}},"4":{"start":{"line":27,"column":0},"end":{"line":31,"column":1}},"5":{"start":{"line":28,"column":2},"end":{"line":28,"column":31}},"6":{"start":{"line":29,"column":7},"end":{"line":31,"column":1}},"7":{"start":{"line":30,"column":2},"end":{"line":30,"column":38}},"8":{"start":{"line":34,"column":22},"end":{"line":43,"column":1}},"9":{"start":{"line":39,"column":23},"end":{"line":39,"column":84}},"10":{"start":{"line":40,"column":24},"end":{"line":40,"column":49}},"11":{"start":{"line":41,"column":4},"end":{"line":41,"column":101}},"12":{"start":{"line":46,"column":19},"end":{"line":50,"column":1}},"13":{"start":{"line":53,"column":16},"end":{"line":53,"column":48}},"14":{"start":{"line":56,"column":19},"end":{"line":62,"column":1}},"15":{"start":{"line":65,"column":0},"end":{"line":100,"column":1}},"16":{"start":{"line":67,"column":2},"end":{"line":76,"column":4}},"17":{"start":{"line":79,"column":2},"end":{"line":87,"column":4}},"18":{"start":{"line":90,"column":2},"end":{"line":99,"column":4}},"19":{"start":{"line":103,"column":15},"end":{"line":109,"column":2}},"20":{"start":{"line":112,"column":0},"end":{"line":116,"column":2}},"21":{"start":{"line":114,"column":4},"end":{"line":114,"column":32}},"22":{"start":{"line":119,"column":0},"end":{"line":134,"column":2}},"23":{"start":{"line":120,"column":38},"end":{"line":120,"column":41}},"24":{"start":{"line":121,"column":25},"end":{"line":121,"column":28}},"25":{"start":{"line":122,"column":24},"end":{"line":122,"column":54}},"26":{"start":{"line":124,"column":2},"end":{"line":133,"column":5}},"27":{"start":{"line":136,"column":0},"end":{"line":143,"column":2}},"28":{"start":{"line":137,"column":2},"end":{"line":142,"column":5}},"29":{"start":{"line":145,"column":0},"end":{"line":152,"column":2}},"30":{"start":{"line":146,"column":2},"end":{"line":151,"column":5}},"31":{"start":{"line":154,"column":0},"end":{"line":162,"column":2}},"32":{"start":{"line":155,"column":16},"end":{"line":155,"column":50}},"33":{"start":{"line":156,"column":2},"end":{"line":161,"column":5}},"34":{"start":{"line":164,"column":0},"end":{"line":172,"column":2}},"35":{"start":{"line":165,"column":2},"end":{"line":171,"column":3}},"36":{"start":{"line":166,"column":4},"end":{"line":170,"column":7}},"37":{"start":{"line":175,"column":0},"end":{"line":183,"column":2}},"38":{"start":{"line":176,"column":2},"end":{"line":182,"column":5}},"39":{"start":{"line":185,"column":0},"end":{"line":192,"column":2}},"40":{"start":{"line":186,"column":2},"end":{"line":191,"column":5}},"41":{"start":{"line":195,"column":0},"end":{"line":203,"column":2}},"42":{"start":{"line":196,"column":2},"end":{"line":202,"column":4}},"43":{"start":{"line":197,"column":35},"end":{"line":197,"column":81}},"44":{"start":{"line":198,"column":34},"end":{"line":198,"column":79}},"45":{"start":{"line":199,"column":34},"end":{"line":199,"column":79}},"46":{"start":{"line":200,"column":34},"end":{"line":200,"column":79}},"47":{"start":{"line":201,"column":35},"end":{"line":201,"column":81}},"48":{"start":{"line":206,"column":0},"end":{"line":209,"column":3}},"49":{"start":{"line":207,"column":2},"end":{"line":207,"column":83}},"50":{"start":{"line":208,"column":2},"end":{"line":208,"column":18}},"51":{"start":{"line":211,"column":0},"end":{"line":213,"column":3}},"52":{"start":{"line":212,"column":2},"end":{"line":212,"column":59}},"53":{"start":{"line":215,"column":0},"end":{"line":215,"column":24}}},"fnMap":{"0":{"name":"(anonymous_0)","decl":{"start":{"line":38,"column":24},"end":{"line":38,"column":25}},"loc":{"start":{"line":38,"column":75},"end":{"line":42,"column":3}},"line":38},"1":{"name":"(anonymous_1)","decl":{"start":{"line":113,"column":9},"end":{"line":113,"column":10}},"loc":{"start":{"line":113,"column":20},"end":{"line":115,"column":3}},"line":113},"2":{"name":"(anonymous_2)","decl":{"start":{"line":119,"column":20},"end":{"line":119,"column":21}},"loc":{"start":{"line":119,"column":48},"end":{"line":134,"column":1}},"line":119},"3":{"name":"(anonymous_3)","decl":{"start":{"line":136,"column":18},"end":{"line":136,"column":19}},"loc":{"start":{"line":136,"column":43},"end":{"line":143,"column":1}},"line":136},"4":{"name":"(anonymous_4)","decl":{"start":{"line":145,"column":26},"end":{"line":145,"column":27}},"loc":{"start":{"line":145,"column":51},"end":{"line":152,"column":1}},"line":145},"5":{"name":"(anonymous_5)","decl":{"start":{"line":154,"column":24},"end":{"line":154,"column":25}},"loc":{"start":{"line":154,"column":63},"end":{"line":162,"column":1}},"line":154},"6":{"name":"(anonymous_6)","decl":{"start":{"line":164,"column":26},"end":{"line":164,"column":27}},"loc":{"start":{"line":164,"column":61},"end":{"line":172,"column":1}},"line":164},"7":{"name":"(anonymous_7)","decl":{"start":{"line":175,"column":15},"end":{"line":175,"column":16}},"loc":{"start":{"line":175,"column":49},"end":{"line":183,"column":1}},"line":175},"8":{"name":"(anonymous_8)","decl":{"start":{"line":185,"column":18},"end":{"line":185,"column":19}},"loc":{"start":{"line":185,"column":40},"end":{"line":192,"column":1}},"line":185},"9":{"name":"(anonymous_9)","decl":{"start":{"line":195,"column":21},"end":{"line":195,"column":22}},"loc":{"start":{"line":195,"column":32},"end":{"line":203,"column":1}},"line":195},"10":{"name":"(anonymous_10)","decl":{"start":{"line":197,"column":11},"end":{"line":197,"column":12}},"loc":{"start":{"line":197,"column":35},"end":{"line":197,"column":81}},"line":197},"11":{"name":"(anonymous_11)","decl":{"start":{"line":198,"column":10},"end":{"line":198,"column":11}},"loc":{"start":{"line":198,"column":34},"end":{"line":198,"column":79}},"line":198},"12":{"name":"(anonymous_12)","decl":{"start":{"line":199,"column":10},"end":{"line":199,"column":11}},"loc":{"start":{"line":199,"column":34},"end":{"line":199,"column":79}},"line":199},"13":{"name":"(anonymous_13)","decl":{"start":{"line":200,"column":10},"end":{"line":200,"column":11}},"loc":{"start":{"line":200,"column":34},"end":{"line":200,"column":79}},"line":200},"14":{"name":"(anonymous_14)","decl":{"start":{"line":201,"column":11},"end":{"line":201,"column":12}},"loc":{"start":{"line":201,"column":35},"end":{"line":201,"column":81}},"line":201},"15":{"name":"(anonymous_15)","decl":{"start":{"line":206,"column":32},"end":{"line":206,"column":33}},"loc":{"start":{"line":206,"column":41},"end":{"line":209,"column":1}},"line":206},"16":{"name":"(anonymous_16)","decl":{"start":{"line":211,"column":33},"end":{"line":211,"column":34}},"loc":{"start":{"line":211,"column":54},"end":{"line":213,"column":1}},"line":211}},"branchMap":{"0":{"loc":{"start":{"line":27,"column":0},"end":{"line":31,"column":1}},"type":"if","locations":[{"start":{"line":27,"column":0},"end":{"line":31,"column":1}},{"start":{"line":29,"column":7},"end":{"line":31,"column":1}}],"line":27},"1":{"loc":{"start":{"line":29,"column":7},"end":{"line":31,"column":1}},"type":"if","locations":[{"start":{"line":29,"column":7},"end":{"line":31,"column":1}},{"start":{},"end":{}}],"line":29},"2":{"loc":{"start":{"line":29,"column":11},"end":{"line":29,"column":53}},"type":"binary-expr","locations":[{"start":{"line":29,"column":11},"end":{"line":29,"column":25}},{"start":{"line":29,"column":29},"end":{"line":29,"column":53}}],"line":29},"3":{"loc":{"start":{"line":39,"column":23},"end":{"line":39,"column":84}},"type":"cond-expr","locations":[{"start":{"line":39,"column":50},"end":{"line":39,"column":79}},{"start":{"line":39,"column":82},"end":{"line":39,"column":84}}],"line":39},"4":{"loc":{"start":{"line":40,"column":24},"end":{"line":40,"column":49}},"type":"cond-expr","locations":[{"start":{"line":40,"column":32},"end":{"line":40,"column":44}},{"start":{"line":40,"column":47},"end":{"line":40,"column":49}}],"line":40},"5":{"loc":{"start":{"line":41,"column":63},"end":{"line":41,"column":98}},"type":"cond-expr","locations":[{"start":{"line":41,"column":76},"end":{"line":41,"column":93}},{"start":{"line":41,"column":96},"end":{"line":41,"column":98}}],"line":41},"6":{"loc":{"start":{"line":60,"column":11},"end":{"line":60,"column":94}},"type":"binary-expr","locations":[{"start":{"line":60,"column":11},"end":{"line":60,"column":32}},{"start":{"line":60,"column":37},"end":{"line":60,"column":93}}],"line":60},"7":{"loc":{"start":{"line":60,"column":37},"end":{"line":60,"column":93}},"type":"cond-expr","locations":[{"start":{"line":60,"column":77},"end":{"line":60,"column":83}},{"start":{"line":60,"column":86},"end":{"line":60,"column":93}}],"line":60},"8":{"loc":{"start":{"line":65,"column":0},"end":{"line":100,"column":1}},"type":"if","locations":[{"start":{"line":65,"column":0},"end":{"line":100,"column":1}},{"start":{},"end":{}}],"line":65},"9":{"loc":{"start":{"line":65,"column":4},"end":{"line":65,"column":87}},"type":"binary-expr","locations":[{"start":{"line":65,"column":4},"end":{"line":65,"column":41}},{"start":{"line":65,"column":45},"end":{"line":65,"column":87}}],"line":65},"10":{"loc":{"start":{"line":122,"column":24},"end":{"line":122,"column":54}},"type":"binary-expr","locations":[{"start":{"line":122,"column":24},"end":{"line":122,"column":49}},{"start":{"line":122,"column":53},"end":{"line":122,"column":54}}],"line":122},"11":{"loc":{"start":{"line":132,"column":12},"end":{"line":132,"column":30}},"type":"binary-expr","locations":[{"start":{"line":132,"column":12},"end":{"line":132,"column":22}},{"start":{"line":132,"column":26},"end":{"line":132,"column":30}}],"line":132},"12":{"loc":{"start":{"line":136,"column":26},"end":{"line":136,"column":38}},"type":"default-arg","locations":[{"start":{"line":136,"column":36},"end":{"line":136,"column":38}}],"line":136},"13":{"loc":{"start":{"line":137,"column":15},"end":{"line":137,"column":47}},"type":"binary-expr","locations":[{"start":{"line":137,"column":15},"end":{"line":137,"column":28}},{"start":{"line":137,"column":32},"end":{"line":137,"column":47}}],"line":137},"14":{"loc":{"start":{"line":145,"column":34},"end":{"line":145,"column":46}},"type":"default-arg","locations":[{"start":{"line":145,"column":44},"end":{"line":145,"column":46}}],"line":145},"15":{"loc":{"start":{"line":154,"column":46},"end":{"line":154,"column":58}},"type":"default-arg","locations":[{"start":{"line":154,"column":56},"end":{"line":154,"column":58}}],"line":154},"16":{"loc":{"start":{"line":155,"column":16},"end":{"line":155,"column":50}},"type":"cond-expr","locations":[{"start":{"line":155,"column":34},"end":{"line":155,"column":40}},{"start":{"line":155,"column":43},"end":{"line":155,"column":50}}],"line":155},"17":{"loc":{"start":{"line":164,"column":44},"end":{"line":164,"column":56}},"type":"default-arg","locations":[{"start":{"line":164,"column":54},"end":{"line":164,"column":56}}],"line":164},"18":{"loc":{"start":{"line":165,"column":2},"end":{"line":171,"column":3}},"type":"if","locations":[{"start":{"line":165,"column":2},"end":{"line":171,"column":3}},{"start":{},"end":{}}],"line":165},"19":{"loc":{"start":{"line":175,"column":32},"end":{"line":175,"column":44}},"type":"default-arg","locations":[{"start":{"line":175,"column":42},"end":{"line":175,"column":44}}],"line":175},"20":{"loc":{"start":{"line":185,"column":26},"end":{"line":185,"column":35}},"type":"default-arg","locations":[{"start":{"line":185,"column":33},"end":{"line":185,"column":35}}],"line":185},"21":{"loc":{"start":{"line":197,"column":21},"end":{"line":197,"column":30}},"type":"default-arg","locations":[{"start":{"line":197,"column":28},"end":{"line":197,"column":30}}],"line":197},"22":{"loc":{"start":{"line":198,"column":20},"end":{"line":198,"column":29}},"type":"default-arg","locations":[{"start":{"line":198,"column":27},"end":{"line":198,"column":29}}],"line":198},"23":{"loc":{"start":{"line":199,"column":20},"end":{"line":199,"column":29}},"type":"default-arg","locations":[{"start":{"line":199,"column":27},"end":{"line":199,"column":29}}],"line":199},"24":{"loc":{"start":{"line":200,"column":20},"end":{"line":200,"column":29}},"type":"default-arg","locations":[{"start":{"line":200,"column":27},"end":{"line":200,"column":29}}],"line":200},"25":{"loc":{"start":{"line":201,"column":21},"end":{"line":201,"column":30}},"type":"default-arg","locations":[{"start":{"line":201,"column":28},"end":{"line":201,"column":30}}],"line":201}},"s":{"0":35,"1":35,"2":35,"3":35,"4":35,"5":35,"6":0,"7":0,"8":35,"9":0,"10":0,"11":0,"12":35,"13":35,"14":35,"15":35,"16":2,"17":2,"18":2,"19":35,"20":35,"21":0,"22":35,"23":0,"24":0,"25":0,"26":0,"27":35,"28":0,"29":35,"30":0,"31":35,"32":0,"33":0,"34":35,"35":0,"36":0,"37":35,"38":0,"39":35,"40":0,"41":35,"42":0,"43":0,"44":0,"45":0,"46":0,"47":0,"48":35,"49":0,"50":0,"51":35,"52":0,"53":35},"f":{"0":0,"1":0,"2":0,"3":0,"4":0,"5":0,"6":0,"7":0,"8":0,"9":0,"10":0,"11":0,"12":0,"13":0,"14":0,"15":0,"16":0},"b":{"0":[35,0],"1":[0,0],"2":[0,0],"3":[0,0],"4":[0,0],"5":[0,0],"6":[35,19],"7":[2,17],"8":[2,33],"9":[35,33],"10":[0,0],"11":[0,0],"12":[0],"13":[0,0],"14":[0],"15":[0],"16":[0,0],"17":[0],"18":[0,0],"19":[0],"20":[0],"21":[0],"22":[0],"23":[0],"24":[0],"25":[0]},"inputSourceMap":null,"_coverageSchema":"1a1c01bbd47fc00a2c39e90264f33305004495a9","hash":"cc1065261f1138106204aa9d415bf33e53d791c4"}
}
