TN:
SF:server.js
FN:17,(anonymous_0)
FNF:1
FNH:0
FNDA:0,(anonymous_0)
DA:6,1
DA:7,1
DA:8,1
DA:10,1
DA:13,1
DA:16,1
DA:17,0
DA:18,0
DA:21,1
DA:25,1
LF:10
LH:8
BRDA:10,0,0,1
BRDA:10,0,1,0
BRDA:16,1,0,0
BRDA:16,1,1,1
BRF:4
BRH:2
end_of_record
TN:
SF:config\security.js
FN:9,(anonymous_0)
FN:13,(anonymous_1)
FN:30,(anonymous_2)
FN:39,(anonymous_3)
FN:43,(anonymous_4)
FN:47,(anonymous_5)
FN:51,(anonymous_6)
FN:55,(anonymous_7)
FN:61,(anonymous_8)
FN:76,(anonymous_9)
FN:77,(anonymous_10)
FN:80,(anonymous_11)
FN:89,(anonymous_12)
FNF:13
FNH:10
FNDA:33,(anonymous_0)
FNDA:33,(anonymous_1)
FNDA:202,(anonymous_2)
FNDA:0,(anonymous_3)
FNDA:6,(anonymous_4)
FNDA:9,(anonymous_5)
FNDA:26,(anonymous_6)
FNDA:1,(anonymous_7)
FNDA:2,(anonymous_8)
FNDA:0,(anonymous_9)
FNDA:0,(anonymous_10)
FNDA:2,(anonymous_11)
FNDA:5,(anonymous_12)
DA:6,33
DA:10,33
DA:15,33
DA:16,1
DA:18,32
DA:19,1
DA:23,31
DA:24,1
DA:31,202
DA:40,0
DA:44,6
DA:48,9
DA:52,26
DA:56,1
DA:62,2
DA:63,1
DA:69,1
DA:77,0
DA:81,2
DA:91,5
DA:92,5
DA:94,5
DA:105,33
LF:23
LH:21
BRDA:15,0,0,1
BRDA:15,0,1,32
BRDA:18,1,0,1
BRDA:18,1,1,31
BRDA:23,2,0,1
BRDA:23,2,1,30
BRDA:33,3,0,202
BRDA:33,3,1,0
BRDA:34,4,0,202
BRDA:34,4,1,0
BRDA:35,5,0,202
BRDA:35,5,1,0
BRDA:39,6,0,0
BRDA:44,7,0,6
BRDA:44,7,1,1
BRDA:48,8,0,9
BRDA:48,8,1,1
BRDA:52,9,0,26
BRDA:52,9,1,1
BRDA:62,10,0,1
BRDA:62,10,1,1
BRDA:64,11,0,1
BRDA:64,11,1,1
BRDA:77,12,0,0
BRDA:77,12,1,0
BRDA:82,13,0,2
BRDA:82,13,1,1
BRDA:85,14,0,2
BRDA:85,14,1,2
BRDA:91,15,0,5
BRDA:91,15,1,4
BRDA:92,16,0,5
BRDA:92,16,1,4
BRF:33
BRH:27
end_of_record
TN:
SF:lib\analytics-service-simple.js
FN:14,(anonymous_0)
FN:20,(anonymous_1)
FN:28,(anonymous_2)
FN:51,(anonymous_3)
FN:88,(anonymous_4)
FN:113,(anonymous_5)
FN:120,(anonymous_6)
FN:130,(anonymous_7)
FN:144,(anonymous_8)
FN:165,(anonymous_9)
FN:178,(anonymous_10)
FN:204,(anonymous_11)
FN:205,(anonymous_12)
FN:206,(anonymous_13)
FN:249,(anonymous_14)
FN:253,(anonymous_15)
FN:257,(anonymous_16)
FNF:17
FNH:13
FNDA:0,(anonymous_0)
FNDA:9,(anonymous_1)
FNDA:1,(anonymous_2)
FNDA:2,(anonymous_3)
FNDA:2,(anonymous_4)
FNDA:2,(anonymous_5)
FNDA:2,(anonymous_6)
FNDA:2,(anonymous_7)
FNDA:2,(anonymous_8)
FNDA:1,(anonymous_9)
FNDA:3,(anonymous_10)
FNDA:3,(anonymous_11)
FNDA:3,(anonymous_12)
FNDA:3,(anonymous_13)
FNDA:0,(anonymous_14)
FNDA:0,(anonymous_15)
FNDA:0,(anonymous_16)
DA:7,4
DA:8,4
DA:10,4
DA:14,0
DA:21,9
DA:22,9
DA:29,1
DA:30,1
DA:37,1
DA:46,0
DA:47,0
DA:52,2
DA:53,2
DA:54,2
DA:55,2
DA:60,2
DA:61,2
DA:62,1
DA:64,2
DA:65,1
DA:67,2
DA:68,1
DA:71,2
DA:83,0
DA:84,0
DA:89,2
DA:90,2
DA:91,2
DA:97,2
DA:108,0
DA:109,0
DA:114,2
DA:115,2
DA:120,2
DA:122,2
DA:123,2
DA:126,2
DA:130,2
DA:139,0
DA:140,0
DA:145,2
DA:146,2
DA:147,2
DA:151,2
DA:153,2
DA:160,0
DA:161,0
DA:166,1
DA:167,1
DA:177,1
DA:178,1
DA:179,3
DA:183,3
DA:184,1
DA:185,2
DA:186,1
DA:188,1
DA:191,3
DA:203,1
DA:204,3
DA:205,3
DA:206,3
DA:209,1
DA:243,0
DA:244,0
DA:250,0
DA:262,4
LF:67
LH:53
BRDA:28,0,0,0
BRDA:28,1,0,0
BRDA:61,2,0,1
BRDA:61,2,1,1
BRDA:64,3,0,1
BRDA:64,3,1,1
BRDA:67,4,0,1
BRDA:67,4,1,1
BRDA:132,5,0,2
BRDA:132,5,1,0
BRDA:133,6,0,2
BRDA:133,6,1,0
BRDA:151,7,0,1
BRDA:151,7,1,1
BRDA:183,8,0,1
BRDA:183,8,1,2
BRDA:185,9,0,1
BRDA:185,9,1,1
BRDA:214,10,0,1
BRDA:214,10,1,0
BRDA:223,11,0,1
BRDA:223,11,1,0
BRDA:232,12,0,1
BRDA:232,12,1,0
BRF:24
BRH:17
end_of_record
TN:
SF:lib\analytics-service.js
FN:14,(anonymous_0)
FN:20,(anonymous_1)
FN:33,(anonymous_2)
FN:71,(anonymous_3)
FN:116,(anonymous_4)
FN:195,(anonymous_5)
FN:237,(anonymous_6)
FN:241,(anonymous_7)
FN:248,(anonymous_8)
FN:257,(anonymous_9)
FN:278,(anonymous_10)
FN:286,(anonymous_11)
FN:287,(anonymous_12)
FN:288,(anonymous_13)
FN:336,(anonymous_14)
FN:362,(anonymous_15)
FN:368,(anonymous_16)
FN:379,(anonymous_17)
FN:392,(anonymous_18)
FN:417,(anonymous_19)
FN:440,(anonymous_20)
FN:456,(anonymous_21)
FN:465,(anonymous_22)
FN:476,(anonymous_23)
FN:487,(anonymous_24)
FN:497,(anonymous_25)
FN:504,(anonymous_26)
FN:538,(anonymous_27)
FN:565,(anonymous_28)
FNF:29
FNH:0
FNDA:0,(anonymous_0)
FNDA:0,(anonymous_1)
FNDA:0,(anonymous_2)
FNDA:0,(anonymous_3)
FNDA:0,(anonymous_4)
FNDA:0,(anonymous_5)
FNDA:0,(anonymous_6)
FNDA:0,(anonymous_7)
FNDA:0,(anonymous_8)
FNDA:0,(anonymous_9)
FNDA:0,(anonymous_10)
FNDA:0,(anonymous_11)
FNDA:0,(anonymous_12)
FNDA:0,(anonymous_13)
FNDA:0,(anonymous_14)
FNDA:0,(anonymous_15)
FNDA:0,(anonymous_16)
FNDA:0,(anonymous_17)
FNDA:0,(anonymous_18)
FNDA:0,(anonymous_19)
FNDA:0,(anonymous_20)
FNDA:0,(anonymous_21)
FNDA:0,(anonymous_22)
FNDA:0,(anonymous_23)
FNDA:0,(anonymous_24)
FNDA:0,(anonymous_25)
FNDA:0,(anonymous_26)
FNDA:0,(anonymous_27)
FNDA:0,(anonymous_28)
DA:7,0
DA:8,0
DA:10,0
DA:14,0
DA:21,0
DA:22,0
DA:23,0
DA:34,0
DA:36,0
DA:37,0
DA:38,0
DA:39,0
DA:43,0
DA:44,0
DA:51,0
DA:60,0
DA:61,0
DA:63,0
DA:64,0
DA:72,0
DA:73,0
DA:75,0
DA:78,0
DA:79,0
DA:82,0
DA:83,0
DA:86,0
DA:87,0
DA:90,0
DA:91,0
DA:93,0
DA:94,0
DA:96,0
DA:108,0
DA:109,0
DA:117,0
DA:118,0
DA:121,0
DA:122,0
DA:137,0
DA:146,0
DA:155,0
DA:156,0
DA:170,0
DA:172,0
DA:176,0
DA:180,0
DA:184,0
DA:196,0
DA:197,0
DA:198,0
DA:199,0
DA:202,0
DA:204,0
DA:214,0
DA:225,0
DA:237,0
DA:238,0
DA:241,0
DA:242,0
DA:243,0
DA:248,0
DA:249,0
DA:250,0
DA:256,0
DA:257,0
DA:261,0
DA:263,0
DA:264,0
DA:265,0
DA:266,0
DA:268,0
DA:271,0
DA:278,0
DA:285,0
DA:286,0
DA:287,0
DA:288,0
DA:291,0
DA:325,0
DA:326,0
DA:328,0
DA:329,0
DA:337,0
DA:338,0
DA:341,0
DA:345,0
DA:347,0
DA:363,0
DA:368,0
DA:369,0
DA:370,0
DA:373,0
DA:375,0
DA:379,0
DA:393,0
DA:394,0
DA:396,0
DA:404,0
DA:405,0
DA:407,0
DA:418,0
DA:419,0
DA:420,0
DA:421,0
DA:423,0
DA:437,0
DA:441,0
DA:452,0
DA:453,0
DA:456,0
DA:457,0
DA:458,0
DA:461,0
DA:462,0
DA:466,0
DA:473,0
DA:478,0
DA:479,0
DA:481,0
DA:482,0
DA:484,0
DA:488,0
DA:489,0
DA:491,0
DA:492,0
DA:494,0
DA:499,0
DA:505,0
DA:507,0
DA:508,0
DA:509,0
DA:510,0
DA:512,0
DA:517,0
DA:521,0
DA:522,0
DA:524,0
DA:528,0
DA:531,0
DA:533,0
DA:534,0
DA:539,0
DA:540,0
DA:543,0
DA:546,0
DA:561,0
DA:566,0
DA:568,0
DA:569,0
DA:570,0
DA:575,0
DA:583,0
DA:588,0
LF:154
LH:0
BRDA:33,0,0,0
BRDA:33,1,0,0
BRDA:36,2,0,0
BRDA:36,2,1,0
BRDA:38,3,0,0
BRDA:38,3,1,0
BRDA:71,4,0,0
BRDA:170,5,0,0
BRDA:170,5,1,0
BRDA:172,6,0,0
BRDA:172,6,1,0
BRDA:176,7,0,0
BRDA:176,7,1,0
BRDA:180,8,0,0
BRDA:180,8,1,0
BRDA:198,9,0,0
BRDA:198,9,1,0
BRDA:242,10,0,0
BRDA:242,10,1,0
BRDA:242,11,0,0
BRDA:242,11,1,0
BRDA:249,12,0,0
BRDA:249,12,1,0
BRDA:249,13,0,0
BRDA:249,13,1,0
BRDA:256,14,0,0
BRDA:256,14,1,0
BRDA:263,15,0,0
BRDA:263,15,1,0
BRDA:265,16,0,0
BRDA:265,16,1,0
BRDA:278,17,0,0
BRDA:278,17,1,0
BRDA:296,18,0,0
BRDA:296,18,1,0
BRDA:305,19,0,0
BRDA:305,19,1,0
BRDA:314,20,0,0
BRDA:314,20,1,0
BRDA:336,21,0,0
BRDA:341,22,0,0
BRDA:341,22,1,0
BRDA:381,23,0,0
BRDA:381,23,1,0
BRDA:382,24,0,0
BRDA:382,24,1,0
BRDA:392,25,0,0
BRDA:404,26,0,0
BRDA:404,26,1,0
BRDA:417,27,0,0
BRDA:419,28,0,0
BRDA:419,28,1,0
BRDA:421,29,0,0
BRDA:421,29,1,0
BRDA:452,30,0,0
BRDA:452,30,1,0
BRDA:473,31,0,0
BRDA:473,31,1,0
BRDA:478,32,0,0
BRDA:478,32,1,0
BRDA:481,33,0,0
BRDA:481,33,1,0
BRDA:488,34,0,0
BRDA:488,34,1,0
BRDA:491,35,0,0
BRDA:491,35,1,0
BRDA:507,36,0,0
BRDA:507,36,1,0
BRDA:509,37,0,0
BRDA:509,37,1,0
BRDA:521,38,0,0
BRDA:521,38,1,0
BRDA:521,39,0,0
BRDA:521,39,1,0
BRDA:569,40,0,0
BRDA:569,40,1,0
BRF:76
BRH:0
end_of_record
TN:
SF:lib\createApp.js
FN:19,createApp
FN:40,(anonymous_1)
FN:55,(anonymous_2)
FN:76,(anonymous_3)
FN:79,(anonymous_4)
FN:87,(anonymous_5)
FN:98,(anonymous_6)
FN:125,(anonymous_7)
FN:150,(anonymous_8)
FN:165,(anonymous_9)
FN:166,(anonymous_10)
FN:170,(anonymous_11)
FN:204,(anonymous_12)
FN:228,(anonymous_13)
FN:241,(anonymous_14)
FN:249,(anonymous_15)
FN:257,(anonymous_16)
FN:265,(anonymous_17)
FN:273,(anonymous_18)
FN:281,(anonymous_19)
FN:287,(anonymous_20)
FN:296,(anonymous_21)
FNF:22
FNH:20
FNDA:3,createApp
FNDA:22,(anonymous_1)
FNDA:21,(anonymous_2)
FNDA:0,(anonymous_3)
FNDA:29,(anonymous_4)
FNDA:1,(anonymous_5)
FNDA:77,(anonymous_6)
FNDA:6,(anonymous_7)
FNDA:4,(anonymous_8)
FNDA:1,(anonymous_9)
FNDA:1,(anonymous_10)
FNDA:5,(anonymous_11)
FNDA:2,(anonymous_12)
FNDA:11,(anonymous_13)
FNDA:1,(anonymous_14)
FNDA:1,(anonymous_15)
FNDA:1,(anonymous_16)
FNDA:1,(anonymous_17)
FNDA:5,(anonymous_18)
FNDA:1,(anonymous_19)
FNDA:1,(anonymous_20)
FNDA:0,(anonymous_21)
DA:6,3
DA:7,3
DA:8,3
DA:9,3
DA:10,3
DA:11,3
DA:12,3
DA:13,3
DA:14,3
DA:16,3
DA:17,3
DA:20,3
DA:21,3
DA:22,3
DA:27,3
DA:28,3
DA:29,3
DA:30,3
DA:31,3
DA:34,3
DA:35,3
DA:38,3
DA:40,22
DA:42,3
DA:45,3
DA:55,3
DA:56,21
DA:58,21
DA:59,9
DA:62,12
DA:63,0
DA:69,3
DA:71,3
DA:73,3
DA:74,3
DA:76,0
DA:79,3
DA:80,29
DA:81,29
DA:82,23
DA:83,23
DA:84,0
DA:86,6
DA:87,1
DA:88,1
DA:89,1
DA:90,1
DA:93,5
DA:94,4
DA:98,3
DA:99,77
DA:100,77
DA:101,77
DA:102,2
DA:105,75
DA:106,75
DA:107,72
DA:109,3
DA:112,75
DA:113,74
DA:114,74
DA:115,20
DA:116,3
DA:118,17
DA:120,54
DA:125,3
DA:126,6
DA:127,6
DA:128,6
DA:129,5
DA:130,5
DA:131,5
DA:133,5
DA:134,5
DA:135,5
DA:139,4
DA:140,3
DA:141,2
DA:143,1
DA:145,1
DA:150,3
DA:151,4
DA:152,4
DA:153,4
DA:154,3
DA:155,3
DA:156,1
DA:157,1
DA:159,2
DA:164,3
DA:165,3
DA:166,3
DA:169,3
DA:170,3
DA:171,5
DA:172,5
DA:173,5
DA:174,4
DA:175,4
DA:176,4
DA:177,4
DA:181,5
DA:183,3
DA:184,3
DA:185,3
DA:186,3
DA:187,3
DA:189,0
DA:190,0
DA:191,0
DA:192,0
DA:193,0
DA:195,0
DA:196,0
DA:198,0
DA:199,0
DA:204,3
DA:205,2
DA:206,2
DA:207,2
DA:208,2
DA:209,2
DA:210,2
DA:218,0
DA:223,3
DA:224,3
DA:227,3
DA:228,3
DA:229,11
DA:230,11
DA:231,11
DA:232,11
DA:233,11
DA:234,11
DA:236,0
DA:237,0
DA:241,3
DA:242,1
DA:243,1
DA:244,1
DA:245,1
DA:246,1
DA:249,3
DA:250,1
DA:251,1
DA:252,1
DA:253,1
DA:254,1
DA:257,3
DA:258,1
DA:259,1
DA:260,1
DA:261,1
DA:262,1
DA:265,3
DA:266,1
DA:267,1
DA:268,1
DA:269,1
DA:270,1
DA:273,3
DA:274,5
DA:275,5
DA:276,5
DA:277,5
DA:278,5
DA:281,3
DA:282,1
DA:283,1
DA:284,1
DA:287,3
DA:288,1
DA:289,1
DA:290,1
DA:295,3
DA:296,0
DA:297,0
DA:298,0
DA:303,3
DA:304,0
DA:305,0
DA:308,3
DA:311,3
LF:183
LH:163
BRDA:40,0,0,22
BRDA:40,0,1,22
BRDA:62,1,0,0
BRDA:62,1,1,12
BRDA:69,2,0,3
BRDA:69,2,1,0
BRDA:76,3,0,0
BRDA:76,3,1,0
BRDA:81,4,0,23
BRDA:81,4,1,6
BRDA:83,5,0,23
BRDA:83,5,1,0
BRDA:83,6,0,23
BRDA:83,6,1,23
BRDA:84,7,0,0
BRDA:84,7,1,0
BRDA:86,8,0,1
BRDA:86,8,1,5
BRDA:90,9,0,1
BRDA:90,9,1,0
BRDA:93,10,0,1
BRDA:93,10,1,4
BRDA:101,11,0,2
BRDA:101,11,1,75
BRDA:101,12,0,77
BRDA:101,12,1,74
BRDA:106,13,0,72
BRDA:106,13,1,3
BRDA:106,14,0,75
BRDA:106,14,1,72
BRDA:112,15,0,1
BRDA:112,15,1,74
BRDA:115,16,0,3
BRDA:115,16,1,17
BRDA:115,17,0,20
BRDA:115,17,1,20
BRDA:128,18,0,1
BRDA:128,18,1,5
BRDA:139,19,0,1
BRDA:139,19,1,3
BRDA:140,20,0,1
BRDA:140,20,1,2
BRDA:141,21,0,1
BRDA:141,21,1,1
BRDA:153,22,0,1
BRDA:153,22,1,3
BRDA:156,23,0,0
BRDA:156,23,1,1
BRDA:156,24,0,1
BRDA:156,24,1,1
BRDA:173,25,0,4
BRDA:173,25,1,1
BRDA:181,26,0,2
BRDA:181,26,1,3
BRDA:185,27,0,3
BRDA:185,27,1,0
BRDA:190,28,0,0
BRDA:190,28,1,0
BRDA:195,29,0,0
BRDA:195,29,1,0
BRDA:206,30,0,2
BRDA:206,30,1,0
BRDA:233,31,0,0
BRDA:233,31,1,11
BRDA:233,32,0,11
BRDA:233,32,1,11
BRDA:243,33,0,0
BRDA:243,33,1,1
BRDA:251,34,0,0
BRDA:251,34,1,1
BRDA:253,35,0,0
BRDA:253,35,1,1
BRDA:259,36,0,0
BRDA:259,36,1,1
BRDA:261,37,0,0
BRDA:261,37,1,1
BRDA:267,38,0,0
BRDA:267,38,1,1
BRDA:275,39,0,0
BRDA:275,39,1,5
BRDA:277,40,0,0
BRDA:277,40,1,5
BRDA:283,41,0,0
BRDA:283,41,1,1
BRDA:289,42,0,0
BRDA:289,42,1,1
BRDA:295,43,0,0
BRDA:295,43,1,3
BRDA:297,44,0,0
BRDA:297,44,1,0
BRDA:303,45,0,0
BRDA:303,45,1,3
BRF:92
BRH:62
end_of_record
TN:
SF:lib\notification-service.js
FN:15,(anonymous_0)
FN:21,(anonymous_1)
FN:32,(anonymous_2)
FN:49,(anonymous_3)
FN:67,(anonymous_4)
FN:90,(anonymous_5)
FN:133,(anonymous_6)
FN:142,(anonymous_7)
FN:165,(anonymous_8)
FN:192,(anonymous_9)
FN:214,(anonymous_10)
FN:222,(anonymous_11)
FN:241,(anonymous_12)
FN:255,(anonymous_13)
FN:257,(anonymous_14)
FN:272,(anonymous_15)
FN:281,(anonymous_16)
FN:292,(anonymous_17)
FN:326,(anonymous_18)
FN:342,(anonymous_19)
FN:374,(anonymous_20)
FN:407,(anonymous_21)
FN:423,(anonymous_22)
FNF:23
FNH:21
FNDA:3,(anonymous_0)
FNDA:13,(anonymous_1)
FNDA:13,(anonymous_2)
FNDA:3,(anonymous_3)
FNDA:1,(anonymous_4)
FNDA:2,(anonymous_5)
FNDA:3,(anonymous_6)
FNDA:2,(anonymous_7)
FNDA:2,(anonymous_8)
FNDA:2,(anonymous_9)
FNDA:0,(anonymous_10)
FNDA:1,(anonymous_11)
FNDA:1,(anonymous_12)
FNDA:1,(anonymous_13)
FNDA:1,(anonymous_14)
FNDA:1,(anonymous_15)
FNDA:0,(anonymous_16)
FNDA:2,(anonymous_17)
FNDA:2,(anonymous_18)
FNDA:1,(anonymous_19)
FNDA:1,(anonymous_20)
FNDA:2,(anonymous_21)
FNDA:1,(anonymous_22)
DA:7,4
DA:8,4
DA:9,4
DA:11,4
DA:15,3
DA:22,13
DA:23,13
DA:24,13
DA:34,13
DA:35,13
DA:40,13
DA:42,0
DA:50,3
DA:52,3
DA:53,3
DA:54,1
DA:55,1
DA:59,2
DA:60,2
DA:61,1
DA:62,1
DA:66,1
DA:67,1
DA:71,1
DA:73,1
DA:74,1
DA:76,1
DA:79,1
DA:81,0
DA:82,0
DA:83,0
DA:91,2
DA:103,2
DA:104,2
DA:115,1
DA:116,1
DA:118,1
DA:121,1
DA:122,1
DA:123,1
DA:126,1
DA:134,3
DA:143,2
DA:147,2
DA:149,0
DA:159,2
DA:166,2
DA:167,0
DA:171,2
DA:172,0
DA:173,0
DA:177,2
DA:179,0
DA:181,0
DA:183,2
DA:185,0
DA:193,2
DA:194,2
DA:197,0
DA:198,0
DA:200,0
DA:201,0
DA:203,0
DA:204,0
DA:207,0
DA:215,0
DA:216,0
DA:223,1
DA:224,1
DA:234,0
DA:242,1
DA:243,1
DA:246,1
DA:248,0
DA:256,1
DA:257,1
DA:258,1
DA:260,1
DA:273,1
DA:274,1
DA:275,1
DA:282,0
DA:293,2
DA:295,2
DA:299,2
DA:300,1
DA:301,1
DA:305,1
DA:315,1
DA:316,1
DA:318,0
DA:319,0
DA:327,2
DA:328,2
DA:331,1
DA:332,1
DA:334,1
DA:335,1
DA:343,1
DA:344,1
DA:363,1
DA:364,1
DA:366,0
DA:367,0
DA:375,1
DA:376,1
DA:378,1
DA:385,1
DA:389,1
DA:399,0
DA:400,0
DA:408,2
DA:409,2
DA:413,1
DA:415,1
DA:416,1
DA:424,1
DA:428,4
LF:118
LH:89
BRDA:34,0,0,13
BRDA:34,0,1,0
BRDA:34,1,0,13
BRDA:34,1,1,13
BRDA:36,2,0,13
BRDA:36,2,1,0
BRDA:53,3,0,1
BRDA:53,3,1,2
BRDA:60,4,0,1
BRDA:60,4,1,1
BRDA:94,5,0,2
BRDA:94,5,1,2
BRDA:98,6,0,2
BRDA:98,6,1,2
BRDA:99,7,0,2
BRDA:99,7,1,2
BRDA:100,8,0,2
BRDA:100,8,1,2
BRDA:121,9,0,1
BRDA:121,9,1,0
BRDA:121,10,0,1
BRDA:121,10,1,0
BRDA:147,11,0,0
BRDA:147,11,1,2
BRDA:166,12,0,0
BRDA:166,12,1,2
BRDA:171,13,0,0
BRDA:171,13,1,2
BRDA:177,14,0,0
BRDA:177,14,1,0
BRDA:177,14,2,2
BRDA:177,14,3,0
BRDA:193,15,0,2
BRDA:193,15,1,0
BRDA:193,16,0,2
BRDA:193,16,1,0
BRDA:203,17,0,0
BRDA:203,17,1,0
BRDA:204,18,0,0
BRDA:204,18,1,0
BRDA:207,19,0,0
BRDA:207,19,1,0
BRDA:227,20,0,1
BRDA:227,20,1,0
BRDA:230,21,0,0
BRDA:230,21,1,1
BRDA:265,22,0,1
BRDA:265,22,1,0
BRDA:285,23,0,0
BRDA:285,23,1,0
BRDA:292,24,0,0
BRDA:299,25,0,1
BRDA:299,25,1,1
BRDA:374,26,0,0
BRDA:374,27,0,0
BRF:55
BRH:29
end_of_record
TN:
SF:middleware\auth.js
FN:17,(anonymous_0)
FN:72,(anonymous_1)
FN:75,(anonymous_2)
FN:76,(anonymous_3)
FN:136,(anonymous_4)
FN:161,(anonymous_5)
FN:162,(anonymous_6)
FN:210,(anonymous_7)
FN:213,(anonymous_8)
FN:251,(anonymous_9)
FN:281,(anonymous_10)
FN:301,(anonymous_11)
FNF:12
FNH:4
FNDA:4,(anonymous_0)
FNDA:0,(anonymous_1)
FNDA:0,(anonymous_2)
FNDA:0,(anonymous_3)
FNDA:2,(anonymous_4)
FNDA:0,(anonymous_5)
FNDA:0,(anonymous_6)
FNDA:0,(anonymous_7)
FNDA:0,(anonymous_8)
FNDA:14,(anonymous_9)
FNDA:4,(anonymous_10)
FNDA:0,(anonymous_11)
DA:6,15
DA:7,15
DA:8,15
DA:9,15
DA:11,15
DA:18,4
DA:19,4
DA:21,4
DA:22,0
DA:29,4
DA:31,4
DA:33,4
DA:34,4
DA:35,4
DA:37,4
DA:39,0
DA:45,0
DA:46,0
DA:53,0
DA:54,0
DA:61,0
DA:73,0
DA:75,0
DA:76,0
DA:77,0
DA:78,0
DA:80,0
DA:86,0
DA:91,0
DA:92,0
DA:99,0
DA:100,0
DA:107,0
DA:108,0
DA:114,0
DA:121,0
DA:122,0
DA:124,0
DA:125,0
DA:137,2
DA:138,2
DA:140,2
DA:141,0
DA:144,2
DA:145,2
DA:147,2
DA:148,2
DA:149,2
DA:152,0
DA:155,2
DA:162,0
DA:163,0
DA:164,0
DA:166,0
DA:171,0
DA:172,0
DA:181,0
DA:186,0
DA:187,0
DA:194,0
DA:195,0
DA:197,0
DA:198,0
DA:211,0
DA:213,0
DA:214,0
DA:215,0
DA:218,0
DA:219,0
DA:221,0
DA:222,0
DA:223,0
DA:226,0
DA:228,0
DA:229,0
DA:230,0
DA:231,0
DA:234,0
DA:235,0
DA:243,0
DA:244,0
DA:253,14
DA:254,14
DA:255,11
DA:256,11
DA:257,10
DA:260,1
DA:261,1
DA:266,3
DA:267,1
DA:271,2
DA:272,1
DA:275,1
DA:282,4
DA:284,4
DA:302,0
DA:303,0
DA:304,0
DA:307,0
DA:312,0
DA:313,0
DA:316,0
DA:321,0
DA:326,15
LF:104
LH:38
BRDA:21,0,0,0
BRDA:21,0,1,4
BRDA:45,1,0,0
BRDA:45,1,1,0
BRDA:53,2,0,0
BRDA:53,2,1,0
BRDA:77,3,0,0
BRDA:77,3,1,0
BRDA:91,4,0,0
BRDA:91,4,1,0
BRDA:99,5,0,0
BRDA:99,5,1,0
BRDA:107,6,0,0
BRDA:107,6,1,0
BRDA:140,7,0,0
BRDA:140,7,1,2
BRDA:161,8,0,0
BRDA:171,9,0,0
BRDA:171,9,1,0
BRDA:181,10,0,0
BRDA:181,10,1,0
BRDA:181,10,2,0
BRDA:181,10,3,0
BRDA:186,11,0,0
BRDA:186,11,1,0
BRDA:186,12,0,0
BRDA:186,12,1,0
BRDA:210,13,0,0
BRDA:210,14,0,0
BRDA:214,15,0,0
BRDA:214,15,1,0
BRDA:221,16,0,0
BRDA:221,16,1,0
BRDA:228,17,0,0
BRDA:228,17,1,0
BRDA:234,18,0,0
BRDA:234,18,1,0
BRDA:254,19,0,11
BRDA:254,19,1,3
BRDA:256,20,0,10
BRDA:256,20,1,1
BRDA:256,21,0,11
BRDA:256,21,1,10
BRDA:260,22,0,1
BRDA:260,22,1,0
BRDA:266,23,0,1
BRDA:266,23,1,2
BRDA:271,24,0,1
BRDA:271,24,1,1
BRDA:312,25,0,0
BRDA:312,25,1,0
BRDA:312,26,0,0
BRDA:312,26,1,0
BRF:53
BRH:13
end_of_record
TN:
SF:middleware\error-handler.js
FN:12,(anonymous_0)
FN:41,(anonymous_1)
FN:56,(anonymous_2)
FN:81,(anonymous_3)
FN:96,(anonymous_4)
FN:111,(anonymous_5)
FN:136,(anonymous_6)
FN:151,(anonymous_7)
FN:163,(anonymous_8)
FN:193,(anonymous_9)
FN:240,(anonymous_10)
FN:241,(anonymous_11)
FN:249,(anonymous_12)
FN:259,(anonymous_13)
FN:268,(anonymous_14)
FN:277,(anonymous_15)
FN:286,(anonymous_16)
FN:294,(anonymous_17)
FN:302,(anonymous_18)
FN:310,(anonymous_19)
FNF:20
FNH:20
FNDA:8,(anonymous_0)
FNDA:8,(anonymous_1)
FNDA:7,(anonymous_2)
FNDA:5,(anonymous_3)
FNDA:4,(anonymous_4)
FNDA:3,(anonymous_5)
FNDA:3,(anonymous_6)
FNDA:2,(anonymous_7)
FNDA:12,(anonymous_8)
FNDA:4,(anonymous_9)
FNDA:2,(anonymous_10)
FNDA:2,(anonymous_11)
FNDA:1,(anonymous_12)
FNDA:117,(anonymous_13)
FNDA:119,(anonymous_14)
FNDA:3,(anonymous_15)
FNDA:3,(anonymous_16)
FNDA:3,(anonymous_17)
FNDA:3,(anonymous_18)
FNDA:3,(anonymous_19)
DA:6,5
DA:14,8
DA:24,8
DA:27,8
DA:42,8
DA:43,1
DA:50,7
DA:57,7
DA:58,1
DA:66,6
DA:67,1
DA:75,5
DA:82,5
DA:83,1
DA:90,4
DA:97,4
DA:98,1
DA:105,3
DA:112,3
DA:113,0
DA:121,3
DA:122,0
DA:130,3
DA:137,3
DA:138,1
DA:145,2
DA:152,2
DA:165,12
DA:166,4
DA:170,8
DA:179,8
DA:180,30
DA:181,30
DA:182,6
DA:187,2
DA:194,4
DA:196,1
DA:204,1
DA:212,1
DA:220,1
DA:228,0
DA:241,2
DA:242,2
DA:250,1
DA:251,1
DA:252,1
DA:253,1
DA:260,117
DA:261,117
DA:262,117
DA:269,119
DA:278,3
DA:279,3
DA:280,3
DA:281,3
DA:287,3
DA:288,3
DA:289,3
DA:295,3
DA:296,3
DA:297,3
DA:303,3
DA:304,3
DA:305,3
DA:311,3
DA:312,3
DA:313,3
DA:314,3
DA:318,5
LF:69
LH:66
BRDA:19,0,0,8
BRDA:19,0,1,8
BRDA:20,1,0,8
BRDA:20,1,1,0
BRDA:31,2,0,8
BRDA:31,2,1,1
BRDA:42,3,0,1
BRDA:42,3,1,7
BRDA:42,4,0,8
BRDA:42,4,1,7
BRDA:45,5,0,1
BRDA:45,5,1,0
BRDA:47,6,0,1
BRDA:47,6,1,0
BRDA:57,7,0,1
BRDA:57,7,1,6
BRDA:57,8,0,7
BRDA:57,8,1,6
BRDA:66,9,0,1
BRDA:66,9,1,5
BRDA:66,10,0,6
BRDA:66,10,1,5
BRDA:82,11,0,1
BRDA:82,11,1,4
BRDA:82,12,0,5
BRDA:82,12,1,4
BRDA:85,13,0,1
BRDA:85,13,1,0
BRDA:97,14,0,1
BRDA:97,14,1,3
BRDA:97,15,0,4
BRDA:97,15,1,3
BRDA:102,16,0,1
BRDA:102,16,1,0
BRDA:112,17,0,0
BRDA:112,17,1,3
BRDA:121,18,0,0
BRDA:121,18,1,3
BRDA:137,19,0,1
BRDA:137,19,1,2
BRDA:154,20,0,1
BRDA:154,20,1,1
BRDA:165,21,0,4
BRDA:165,21,1,8
BRDA:181,22,0,6
BRDA:181,22,1,24
BRDA:194,23,0,1
BRDA:194,23,1,1
BRDA:194,23,2,1
BRDA:194,23,3,1
BRDA:194,23,4,0
BRDA:200,24,0,1
BRDA:200,24,1,0
BRDA:277,25,0,1
BRDA:286,26,0,1
BRDA:294,27,0,1
BRDA:302,28,0,1
BRDA:310,29,0,1
BRDA:310,30,0,1
BRF:59
BRH:50
end_of_record
TN:
SF:middleware\response-formatter.js
FN:12,(anonymous_0)
FN:32,(anonymous_1)
FN:54,(anonymous_2)
FN:61,(anonymous_3)
FN:68,(anonymous_4)
FN:75,(anonymous_5)
FN:83,(anonymous_6)
FN:91,(anonymous_7)
FN:99,(anonymous_8)
FN:116,(anonymous_9)
FN:131,(anonymous_10)
FN:149,(anonymous_11)
FN:150,(anonymous_12)
FN:165,(anonymous_13)
FN:167,(anonymous_14)
FN:168,(anonymous_15)
FN:170,(anonymous_16)
FN:171,(anonymous_17)
FN:172,(anonymous_18)
FN:175,(anonymous_19)
FN:176,(anonymous_20)
FN:177,(anonymous_21)
FN:179,(anonymous_22)
FN:180,(anonymous_23)
FN:181,(anonymous_24)
FN:182,(anonymous_25)
FNF:26
FNH:11
FNDA:6,(anonymous_0)
FNDA:1,(anonymous_1)
FNDA:1,(anonymous_2)
FNDA:0,(anonymous_3)
FNDA:0,(anonymous_4)
FNDA:1,(anonymous_5)
FNDA:0,(anonymous_6)
FNDA:0,(anonymous_7)
FNDA:1,(anonymous_8)
FNDA:0,(anonymous_9)
FNDA:0,(anonymous_10)
FNDA:0,(anonymous_11)
FNDA:0,(anonymous_12)
FNDA:126,(anonymous_13)
FNDA:2,(anonymous_14)
FNDA:1,(anonymous_15)
FNDA:1,(anonymous_16)
FNDA:0,(anonymous_17)
FNDA:0,(anonymous_18)
FNDA:1,(anonymous_19)
FNDA:0,(anonymous_20)
FNDA:0,(anonymous_21)
FNDA:1,(anonymous_22)
FNDA:0,(anonymous_23)
FNDA:0,(anonymous_24)
FNDA:0,(anonymous_25)
DA:6,4
DA:13,6
DA:19,6
DA:20,5
DA:22,6
DA:23,5
DA:26,6
DA:33,1
DA:48,1
DA:55,1
DA:62,0
DA:69,0
DA:76,1
DA:77,1
DA:84,0
DA:85,0
DA:92,0
DA:93,0
DA:100,1
DA:101,1
DA:117,0
DA:132,0
DA:150,0
DA:154,0
DA:167,126
DA:168,126
DA:169,1
DA:170,126
DA:171,126
DA:172,126
DA:175,126
DA:176,126
DA:177,126
DA:178,0
DA:179,126
DA:180,126
DA:181,126
DA:182,126
DA:184,126
DA:188,4
LF:40
LH:29
BRDA:12,0,0,0
BRDA:12,1,0,1
BRDA:12,2,0,1
BRDA:19,3,0,5
BRDA:19,3,1,1
BRDA:22,4,0,5
BRDA:22,4,1,1
BRDA:32,5,0,1
BRDA:54,6,0,1
BRDA:61,7,0,0
BRDA:68,8,0,0
BRDA:75,9,0,0
BRDA:75,10,0,1
BRDA:83,11,0,0
BRDA:83,12,0,0
BRDA:91,13,0,0
BRDA:99,14,0,1
BRDA:106,15,0,1
BRDA:106,15,1,0
BRDA:116,16,0,0
BRDA:131,17,0,0
BRDA:139,18,0,0
BRDA:139,18,1,0
BRDA:149,19,0,0
BRDA:150,20,0,0
BRDA:150,20,1,0
BRDA:154,21,0,0
BRDA:154,21,1,0
BRF:28
BRH:11
end_of_record
TN:
SF:middleware\validation.js
FN:12,(anonymous_0)
FN:13,(anonymous_1)
FN:30,(anonymous_2)
FN:37,(anonymous_3)
FN:47,(anonymous_4)
FN:60,(anonymous_5)
FN:82,(anonymous_6)
FN:101,(anonymous_7)
FN:111,(anonymous_8)
FN:124,(anonymous_9)
FN:142,(anonymous_10)
FN:156,(anonymous_11)
FN:182,(anonymous_12)
FN:219,(anonymous_13)
FN:221,(anonymous_14)
FN:222,(anonymous_15)
FN:223,(anonymous_16)
FN:224,(anonymous_17)
FN:225,(anonymous_18)
FN:234,(anonymous_19)
FN:255,(anonymous_20)
FN:275,(anonymous_21)
FN:279,(anonymous_22)
FN:283,(anonymous_23)
FN:290,(anonymous_24)
FN:297,(anonymous_25)
FN:304,(anonymous_26)
FN:312,(anonymous_27)
FN:332,(anonymous_28)
FN:348,(anonymous_29)
FN:354,(anonymous_30)
FN:360,(anonymous_31)
FN:366,(anonymous_32)
FN:423,(anonymous_33)
FN:440,(anonymous_34)
FN:463,(anonymous_35)
FN:472,(anonymous_36)
FN:493,(anonymous_37)
FN:506,(anonymous_38)
FN:510,(anonymous_39)
FNF:40
FNH:23
FNDA:0,(anonymous_0)
FNDA:0,(anonymous_1)
FNDA:15,(anonymous_2)
FNDA:7,(anonymous_3)
FNDA:8,(anonymous_4)
FNDA:7,(anonymous_5)
FNDA:7,(anonymous_6)
FNDA:7,(anonymous_7)
FNDA:0,(anonymous_8)
FNDA:7,(anonymous_9)
FNDA:4,(anonymous_10)
FNDA:7,(anonymous_11)
FNDA:6,(anonymous_12)
FNDA:17,(anonymous_13)
FNDA:5,(anonymous_14)
FNDA:3,(anonymous_15)
FNDA:2,(anonymous_16)
FNDA:2,(anonymous_17)
FNDA:0,(anonymous_18)
FNDA:5,(anonymous_19)
FNDA:17,(anonymous_20)
FNDA:6,(anonymous_21)
FNDA:3,(anonymous_22)
FNDA:0,(anonymous_23)
FNDA:2,(anonymous_24)
FNDA:0,(anonymous_25)
FNDA:0,(anonymous_26)
FNDA:0,(anonymous_27)
FNDA:0,(anonymous_28)
FNDA:0,(anonymous_29)
FNDA:0,(anonymous_30)
FNDA:0,(anonymous_31)
FNDA:0,(anonymous_32)
FNDA:0,(anonymous_33)
FNDA:0,(anonymous_34)
FNDA:0,(anonymous_35)
FNDA:0,(anonymous_36)
FNDA:4,(anonymous_37)
FNDA:2,(anonymous_38)
FNDA:2,(anonymous_39)
DA:6,4
DA:13,0
DA:14,0
DA:15,0
DA:17,0
DA:18,0
DA:22,0
DA:23,0
DA:31,15
DA:38,7
DA:39,0
DA:41,7
DA:48,8
DA:49,1
DA:50,1
DA:52,1
DA:54,7
DA:61,7
DA:62,7
DA:63,3
DA:64,1
DA:66,3
DA:67,0
DA:69,3
DA:70,0
DA:72,3
DA:73,0
DA:76,7
DA:83,7
DA:84,7
DA:85,1
DA:86,1
DA:88,1
DA:89,0
DA:91,1
DA:92,0
DA:95,7
DA:102,7
DA:103,7
DA:104,0
DA:105,0
DA:107,0
DA:108,0
DA:110,0
DA:111,0
DA:112,0
DA:113,0
DA:118,7
DA:125,7
DA:126,7
DA:127,0
DA:128,0
DA:129,0
DA:130,0
DA:133,0
DA:136,7
DA:143,4
DA:144,0
DA:145,0
DA:147,0
DA:150,4
DA:157,7
DA:160,7
DA:161,7
DA:162,0
DA:166,7
DA:167,1
DA:171,7
DA:172,7
DA:173,7
DA:174,7
DA:176,7
DA:183,6
DA:184,6
DA:186,6
DA:187,8
DA:190,8
DA:191,1
DA:195,7
DA:197,7
DA:198,4
DA:199,4
DA:200,4
DA:202,0
DA:205,3
DA:209,6
DA:220,17
DA:221,5
DA:222,3
DA:223,2
DA:224,2
DA:225,0
DA:228,17
DA:235,5
DA:237,5
DA:239,0
DA:241,0
DA:242,0
DA:243,0
DA:245,0
DA:248,0
DA:257,17
DA:258,17
DA:259,12
DA:263,5
DA:264,5
DA:265,5
DA:269,0
DA:276,6
DA:280,3
DA:284,0
DA:291,2
DA:297,0
DA:304,0
DA:313,0
DA:314,0
DA:316,0
DA:317,0
DA:319,0
DA:320,0
DA:322,0
DA:332,0
DA:348,0
DA:354,0
DA:360,0
DA:366,0
DA:424,0
DA:425,0
DA:426,0
DA:441,0
DA:442,0
DA:444,0
DA:445,0
DA:447,0
DA:448,0
DA:450,0
DA:463,0
DA:472,0
DA:494,4
DA:495,1
DA:498,3
DA:500,3
DA:507,2
DA:508,1
DA:510,2
DA:514,4
LF:146
LH:80
BRDA:12,0,0,0
BRDA:17,1,0,0
BRDA:17,1,1,0
BRDA:31,2,0,15
BRDA:31,2,1,14
BRDA:31,2,2,14
BRDA:38,3,0,0
BRDA:38,3,1,7
BRDA:38,4,0,7
BRDA:38,4,1,7
BRDA:48,5,0,1
BRDA:48,5,1,7
BRDA:49,6,0,1
BRDA:49,6,1,0
BRDA:62,7,0,3
BRDA:62,7,1,4
BRDA:62,8,0,7
BRDA:62,8,1,3
BRDA:63,9,0,1
BRDA:63,9,1,2
BRDA:63,10,0,3
BRDA:63,10,1,1
BRDA:66,11,0,0
BRDA:66,11,1,3
BRDA:66,12,0,3
BRDA:66,12,1,1
BRDA:69,13,0,0
BRDA:69,13,1,3
BRDA:69,14,0,3
BRDA:69,14,1,0
BRDA:72,15,0,0
BRDA:72,15,1,3
BRDA:72,16,0,3
BRDA:72,16,1,0
BRDA:84,17,0,1
BRDA:84,17,1,6
BRDA:84,18,0,7
BRDA:84,18,1,1
BRDA:85,19,0,1
BRDA:85,19,1,0
BRDA:85,20,0,1
BRDA:85,20,1,1
BRDA:88,21,0,0
BRDA:88,21,1,1
BRDA:88,22,0,1
BRDA:88,22,1,1
BRDA:91,23,0,0
BRDA:91,23,1,1
BRDA:91,24,0,1
BRDA:91,24,1,0
BRDA:103,25,0,0
BRDA:103,25,1,7
BRDA:103,26,0,7
BRDA:103,26,1,0
BRDA:104,27,0,0
BRDA:104,27,1,0
BRDA:104,28,0,0
BRDA:104,28,1,0
BRDA:107,29,0,0
BRDA:107,29,1,0
BRDA:107,30,0,0
BRDA:107,30,1,0
BRDA:110,31,0,0
BRDA:110,31,1,0
BRDA:110,32,0,0
BRDA:110,32,1,0
BRDA:112,33,0,0
BRDA:112,33,1,0
BRDA:126,34,0,0
BRDA:126,34,1,7
BRDA:126,35,0,7
BRDA:126,35,1,0
BRDA:129,36,0,0
BRDA:129,36,1,0
BRDA:130,37,0,0
BRDA:130,37,1,0
BRDA:143,38,0,0
BRDA:143,38,1,4
BRDA:143,39,0,4
BRDA:143,39,1,0
BRDA:161,40,0,0
BRDA:161,40,1,7
BRDA:166,41,0,1
BRDA:166,41,1,6
BRDA:166,42,0,7
BRDA:166,42,1,7
BRDA:190,43,0,1
BRDA:190,43,1,7
BRDA:197,44,0,4
BRDA:197,44,1,3
BRDA:222,45,0,3
BRDA:222,45,1,2
BRDA:225,46,0,0
BRDA:225,46,1,0
BRDA:225,46,2,0
BRDA:228,47,0,12
BRDA:228,47,1,5
BRDA:235,48,0,5
BRDA:235,48,1,0
BRDA:235,48,2,0
BRDA:235,48,3,0
BRDA:237,49,0,5
BRDA:237,49,1,5
BRDA:258,50,0,12
BRDA:258,50,1,5
BRDA:264,51,0,5
BRDA:264,51,1,0
BRDA:313,52,0,0
BRDA:313,52,1,0
BRDA:316,53,0,0
BRDA:316,53,1,0
BRDA:319,54,0,0
BRDA:319,54,1,0
BRDA:426,55,0,0
BRDA:426,55,1,0
BRDA:441,56,0,0
BRDA:441,56,1,0
BRDA:441,57,0,0
BRDA:441,57,1,0
BRDA:444,58,0,0
BRDA:444,58,1,0
BRDA:444,59,0,0
BRDA:444,59,1,0
BRDA:447,60,0,0
BRDA:447,60,1,0
BRDA:447,61,0,0
BRDA:447,61,1,0
BRDA:494,62,0,1
BRDA:494,62,1,3
BRDA:507,63,0,1
BRDA:507,63,1,1
BRF:131
BRH:65
end_of_record
TN:
SF:routes\analytics.js
FN:17,adminAuthMiddleware
FN:25,(anonymous_1)
FN:61,(anonymous_2)
FN:96,(anonymous_3)
FN:117,(anonymous_4)
FN:126,(anonymous_5)
FN:133,(anonymous_6)
FN:140,(anonymous_7)
FN:157,(anonymous_8)
FN:198,(anonymous_9)
FN:232,(anonymous_10)
FN:260,(anonymous_11)
FN:271,(anonymous_12)
FN:285,(anonymous_13)
FN:308,(anonymous_14)
FN:331,(anonymous_15)
FNF:16
FNH:10
FNDA:53,adminAuthMiddleware
FNDA:1,(anonymous_1)
FNDA:26,(anonymous_2)
FNDA:3,(anonymous_3)
FNDA:12,(anonymous_4)
FNDA:6,(anonymous_5)
FNDA:7,(anonymous_6)
FNDA:12,(anonymous_7)
FNDA:21,(anonymous_8)
FNDA:3,(anonymous_9)
FNDA:0,(anonymous_10)
FNDA:0,(anonymous_11)
FNDA:0,(anonymous_12)
FNDA:0,(anonymous_13)
FNDA:0,(anonymous_14)
FNDA:0,(anonymous_15)
DA:7,4
DA:8,4
DA:9,4
DA:10,4
DA:11,4
DA:14,4
DA:18,53
DA:19,53
DA:20,53
DA:21,0
DA:23,53
DA:25,1
DA:26,1
DA:27,1
DA:28,1
DA:29,1
DA:30,1
DA:35,53
DA:36,6
DA:42,47
DA:43,47
DA:44,47
DA:45,44
DA:48,44
DA:50,3
DA:61,4
DA:62,26
DA:63,26
DA:64,26
DA:65,26
DA:68,26
DA:69,26
DA:70,2
DA:76,24
DA:78,23
DA:84,1
DA:85,1
DA:96,4
DA:97,3
DA:98,3
DA:100,2
DA:105,1
DA:106,1
DA:117,4
DA:118,12
DA:119,12
DA:121,12
DA:122,11
DA:125,11
DA:126,6
DA:130,11
DA:131,3
DA:132,3
DA:134,7
DA:140,11
DA:141,12
DA:142,12
DA:144,12
DA:145,12
DA:146,12
DA:149,12
DA:150,10
DA:152,2
DA:157,21
DA:172,11
DA:186,1
DA:187,1
DA:198,4
DA:199,3
DA:200,3
DA:203,3
DA:215,3
DA:220,0
DA:221,0
DA:232,4
DA:233,0
DA:234,0
DA:237,0
DA:246,0
DA:258,0
DA:260,0
DA:261,0
DA:271,0
DA:272,0
DA:273,0
DA:285,0
DA:286,0
DA:288,0
DA:296,0
DA:297,0
DA:308,4
DA:309,0
DA:310,0
DA:312,0
DA:314,0
DA:319,0
DA:320,0
DA:331,4
DA:332,0
DA:341,4
LF:100
LH:75
BRDA:18,0,0,53
BRDA:18,0,1,7
BRDA:19,1,0,46
BRDA:19,1,1,7
BRDA:20,2,0,0
BRDA:20,2,1,53
BRDA:20,3,0,53
BRDA:20,3,1,7
BRDA:23,4,0,1
BRDA:23,4,1,52
BRDA:23,5,0,53
BRDA:23,5,1,7
BRDA:28,6,0,1
BRDA:28,6,1,0
BRDA:35,7,0,6
BRDA:35,7,1,47
BRDA:63,8,0,16
BRDA:64,9,0,13
BRDA:64,9,1,13
BRDA:69,10,0,2
BRDA:69,10,1,24
BRDA:119,11,0,10
BRDA:119,12,0,10
BRDA:122,13,0,11
BRDA:122,13,1,1
BRDA:125,14,0,2
BRDA:125,14,1,9
BRDA:125,15,0,11
BRDA:125,15,1,3
BRDA:130,16,0,3
BRDA:130,16,1,8
BRDA:134,17,0,7
BRDA:134,17,1,7
BRDA:134,17,2,6
BRDA:144,18,0,12
BRDA:144,18,1,0
BRDA:149,19,0,10
BRDA:149,19,1,2
BRDA:150,20,0,8
BRDA:150,20,1,2
BRDA:152,21,0,0
BRDA:152,21,1,2
BRDA:159,22,0,21
BRDA:159,22,1,0
BRDA:165,23,0,21
BRDA:165,23,1,0
BRDA:166,24,0,21
BRDA:166,24,1,0
BRDA:200,25,0,2
BRDA:234,26,0,0
BRDA:264,27,0,0
BRDA:264,27,1,0
BRDA:264,28,0,0
BRDA:264,28,1,0
BRDA:272,29,0,0
BRDA:272,29,1,0
BRDA:276,30,0,0
BRDA:276,30,1,0
BRDA:276,31,0,0
BRDA:276,31,1,0
BRDA:276,32,0,0
BRDA:276,32,1,0
BRDA:276,33,0,0
BRDA:276,33,1,0
BRDA:277,34,0,0
BRDA:277,34,1,0
BRDA:310,35,0,0
BRF:67
BRH:42
end_of_record
TN:
SF:routes\notifications.js
FN:14,authMiddleware
FN:21,(anonymous_1)
FN:50,(anonymous_2)
FN:76,(anonymous_3)
FN:108,(anonymous_4)
FN:145,(anonymous_5)
FN:174,(anonymous_6)
FN:181,(anonymous_7)
FN:232,(anonymous_8)
FN:256,(anonymous_9)
FN:293,(anonymous_10)
FN:339,(anonymous_11)
FNF:12
FNH:8
FNDA:32,authMiddleware
FNDA:1,(anonymous_1)
FNDA:3,(anonymous_2)
FNDA:8,(anonymous_3)
FNDA:4,(anonymous_4)
FNDA:5,(anonymous_5)
FNDA:8,(anonymous_6)
FNDA:8,(anonymous_7)
FNDA:0,(anonymous_8)
FNDA:0,(anonymous_9)
FNDA:0,(anonymous_10)
FNDA:0,(anonymous_11)
DA:7,4
DA:8,4
DA:9,4
DA:10,4
DA:11,4
DA:15,32
DA:16,32
DA:17,32
DA:18,0
DA:20,32
DA:21,1
DA:22,1
DA:23,1
DA:24,1
DA:25,1
DA:26,1
DA:30,32
DA:31,5
DA:33,27
DA:34,27
DA:35,27
DA:36,25
DA:37,25
DA:38,25
DA:40,2
DA:44,4
DA:50,4
DA:51,3
DA:52,3
DA:53,2
DA:54,1
DA:60,1
DA:65,1
DA:66,1
DA:76,4
DA:77,8
DA:78,8
DA:79,8
DA:80,8
DA:82,8
DA:83,2
DA:89,6
DA:91,5
DA:97,1
DA:98,1
DA:108,4
DA:109,4
DA:110,4
DA:111,4
DA:113,4
DA:114,1
DA:120,3
DA:122,2
DA:123,1
DA:128,1
DA:134,1
DA:135,1
DA:145,4
DA:146,5
DA:147,5
DA:148,5
DA:150,4
DA:163,1
DA:164,1
DA:174,4
DA:175,8
DA:176,8
DA:177,8
DA:180,8
DA:181,5
DA:182,8
DA:183,7
DA:184,7
DA:186,5
DA:187,1
DA:192,4
DA:193,1
DA:200,6
DA:207,5
DA:221,1
DA:222,1
DA:232,4
DA:233,0
DA:234,0
DA:235,0
DA:236,0
DA:238,0
DA:240,0
DA:245,0
DA:246,0
DA:256,4
DA:257,0
DA:258,0
DA:259,0
DA:261,0
DA:262,0
DA:268,0
DA:270,0
DA:271,0
DA:276,0
DA:282,0
DA:283,0
DA:293,4
DA:294,0
DA:297,0
DA:298,0
DA:304,0
DA:305,0
DA:307,0
DA:308,0
DA:314,0
DA:322,0
DA:328,0
DA:329,0
DA:339,4
DA:340,0
DA:343,0
DA:344,0
DA:350,0
DA:352,0
DA:357,0
DA:358,0
DA:365,4
LF:123
LH:85
BRDA:15,0,0,32
BRDA:15,0,1,6
BRDA:16,1,0,26
BRDA:16,1,1,6
BRDA:17,2,0,0
BRDA:17,2,1,32
BRDA:17,3,0,32
BRDA:17,3,1,6
BRDA:20,4,0,1
BRDA:20,4,1,31
BRDA:20,5,0,32
BRDA:20,5,1,6
BRDA:24,6,0,1
BRDA:24,6,1,0
BRDA:30,7,0,5
BRDA:30,7,1,27
BRDA:53,8,0,1
BRDA:53,8,1,1
BRDA:82,9,0,2
BRDA:82,9,1,6
BRDA:82,10,0,8
BRDA:82,10,1,7
BRDA:93,11,0,1
BRDA:93,11,1,4
BRDA:113,12,0,1
BRDA:113,12,1,3
BRDA:122,13,0,1
BRDA:122,13,1,1
BRDA:180,14,0,5
BRDA:180,14,1,3
BRDA:182,15,0,1
BRDA:182,15,1,7
BRDA:184,16,0,7
BRDA:184,16,1,7
BRDA:184,16,2,6
BRDA:184,16,3,6
BRDA:186,17,0,1
BRDA:186,17,1,4
BRDA:186,18,0,5
BRDA:186,18,1,5
BRDA:192,19,0,1
BRDA:192,19,1,3
BRDA:192,20,0,4
BRDA:192,20,1,3
BRDA:201,21,0,3
BRDA:201,21,1,3
BRDA:202,22,0,1
BRDA:202,22,1,5
BRDA:203,23,0,1
BRDA:203,23,1,5
BRDA:235,24,0,0
BRDA:235,24,1,0
BRDA:236,25,0,0
BRDA:236,25,1,0
BRDA:261,26,0,0
BRDA:261,26,1,0
BRDA:270,27,0,0
BRDA:270,27,1,0
BRDA:297,28,0,0
BRDA:297,28,1,0
BRDA:304,29,0,0
BRDA:305,30,0,0
BRDA:305,30,1,0
BRDA:307,31,0,0
BRDA:307,31,1,0
BRDA:307,32,0,0
BRDA:307,32,1,0
BRDA:343,33,0,0
BRDA:343,33,1,0
BRF:69
BRH:48
end_of_record
TN:
SF:routes\users.js
FN:20,(anonymous_0)
FN:26,authMiddleware
FN:33,(anonymous_2)
FN:60,(anonymous_3)
FN:137,(anonymous_4)
FN:145,(anonymous_5)
FN:158,(anonymous_6)
FN:169,(anonymous_7)
FN:227,(anonymous_8)
FN:268,(anonymous_9)
FN:300,(anonymous_10)
FN:330,(anonymous_11)
FN:337,(anonymous_12)
FN:401,(anonymous_13)
FN:450,(anonymous_14)
FN:480,(anonymous_15)
FN:502,(anonymous_16)
FN:511,(anonymous_17)
FN:530,(anonymous_18)
FN:537,(anonymous_19)
FN:566,(anonymous_20)
FN:583,(anonymous_21)
FN:593,(anonymous_22)
FN:595,(anonymous_23)
FN:633,(anonymous_24)
FN:640,(anonymous_25)
FN:708,(anonymous_26)
FNF:27
FNH:8
FNDA:12,(anonymous_0)
FNDA:15,authMiddleware
FNDA:1,(anonymous_2)
FNDA:16,(anonymous_3)
FNDA:0,(anonymous_4)
FNDA:0,(anonymous_5)
FNDA:0,(anonymous_6)
FNDA:7,(anonymous_7)
FNDA:3,(anonymous_8)
FNDA:1,(anonymous_9)
FNDA:0,(anonymous_10)
FNDA:1,(anonymous_11)
FNDA:0,(anonymous_12)
FNDA:0,(anonymous_13)
FNDA:0,(anonymous_14)
FNDA:0,(anonymous_15)
FNDA:0,(anonymous_16)
FNDA:0,(anonymous_17)
FNDA:0,(anonymous_18)
FNDA:0,(anonymous_19)
FNDA:0,(anonymous_20)
FNDA:0,(anonymous_21)
FNDA:0,(anonymous_22)
FNDA:0,(anonymous_23)
FNDA:0,(anonymous_24)
FNDA:0,(anonymous_25)
FNDA:0,(anonymous_26)
DA:1,4
DA:2,4
DA:3,4
DA:4,4
DA:5,4
DA:6,4
DA:7,4
DA:8,4
DA:9,4
DA:10,4
DA:12,4
DA:13,4
DA:14,4
DA:16,4
DA:20,12
DA:27,15
DA:28,15
DA:29,15
DA:30,0
DA:32,15
DA:33,1
DA:34,1
DA:35,1
DA:36,1
DA:37,1
DA:38,1
DA:42,15
DA:43,2
DA:45,13
DA:46,13
DA:47,13
DA:48,9
DA:49,9
DA:51,4
DA:56,4
DA:61,16
DA:62,16
DA:63,16
DA:64,4
DA:71,12
DA:74,12
DA:78,11
DA:79,1
DA:86,10
DA:89,10
DA:107,8
DA:113,8
DA:116,8
DA:117,8
DA:118,1
DA:121,8
DA:127,3
DA:128,3
DA:136,4
DA:138,0
DA:140,0
DA:141,0
DA:143,0
DA:147,0
DA:148,0
DA:149,0
DA:153,4
DA:160,0
DA:161,0
DA:163,0
DA:169,4
DA:170,7
DA:171,7
DA:172,7
DA:174,7
DA:193,7
DA:194,1
DA:198,6
DA:199,1
DA:203,5
DA:204,1
DA:215,5
DA:216,5
DA:218,5
DA:227,3
DA:245,5
DA:246,0
DA:247,0
DA:251,5
DA:252,0
DA:256,5
DA:257,0
DA:260,5
DA:262,0
DA:263,0
DA:268,4
DA:269,1
DA:270,1
DA:290,1
DA:291,0
DA:294,1
DA:300,0
DA:307,0
DA:308,0
DA:313,4
DA:331,1
DA:332,1
DA:333,1
DA:334,0
DA:337,0
DA:342,1
DA:343,1
DA:357,1
DA:358,10
DA:359,1
DA:360,0
DA:362,1
DA:367,1
DA:388,1
DA:389,1
DA:394,0
DA:395,0
DA:401,4
DA:402,0
DA:403,0
DA:404,0
DA:408,0
DA:414,0
DA:415,0
DA:416,0
DA:417,0
DA:422,0
DA:423,0
DA:433,0
DA:434,0
DA:441,0
DA:442,0
DA:444,0
DA:445,0
DA:450,4
DA:451,0
DA:452,0
DA:457,0
DA:459,0
DA:460,0
DA:461,0
DA:465,0
DA:471,0
DA:472,0
DA:474,0
DA:475,0
DA:480,4
DA:481,0
DA:482,0
DA:486,0
DA:488,0
DA:491,0
DA:494,0
DA:496,0
DA:497,0
DA:502,4
DA:503,0
DA:504,0
DA:510,0
DA:511,0
DA:520,0
DA:521,0
DA:526,4
DA:531,0
DA:532,0
DA:533,0
DA:534,0
DA:537,0
DA:542,0
DA:543,0
DA:545,0
DA:553,0
DA:554,0
DA:557,0
DA:559,0
DA:560,0
DA:566,4
DA:567,0
DA:568,0
DA:569,0
DA:570,0
DA:572,0
DA:583,0
DA:584,0
DA:593,0
DA:595,0
DA:601,0
DA:605,0
DA:615,0
DA:616,0
DA:621,4
DA:634,0
DA:635,0
DA:636,0
DA:637,0
DA:640,0
DA:645,0
DA:646,0
DA:648,0
DA:657,0
DA:658,0
DA:666,0
DA:667,0
DA:680,0
DA:681,0
DA:684,0
DA:708,0
DA:709,0
DA:710,0
DA:711,0
DA:712,0
DA:714,0
DA:715,0
DA:717,0
DA:718,0
DA:719,0
DA:722,0
DA:724,0
DA:734,0
DA:735,0
DA:740,4
LF:221
LH:99
BRDA:14,0,0,4
BRDA:14,0,1,0
BRDA:14,1,0,4
BRDA:14,1,1,4
BRDA:14,2,0,0
BRDA:14,2,1,0
BRDA:17,3,0,4
BRDA:17,3,1,0
BRDA:27,4,0,15
BRDA:27,4,1,3
BRDA:28,5,0,12
BRDA:28,5,1,3
BRDA:29,6,0,0
BRDA:29,6,1,15
BRDA:29,7,0,15
BRDA:29,7,1,3
BRDA:32,8,0,1
BRDA:32,8,1,14
BRDA:32,9,0,15
BRDA:32,9,1,3
BRDA:36,10,0,1
BRDA:36,10,1,0
BRDA:42,11,0,2
BRDA:42,11,1,13
BRDA:63,12,0,4
BRDA:63,12,1,12
BRDA:78,13,0,1
BRDA:78,13,1,10
BRDA:117,14,0,1
BRDA:117,14,1,7
BRDA:140,15,0,0
BRDA:140,15,1,0
BRDA:160,16,0,0
BRDA:160,16,1,0
BRDA:193,17,0,1
BRDA:193,17,1,6
BRDA:198,18,0,1
BRDA:198,18,1,5
BRDA:198,19,0,6
BRDA:198,19,1,2
BRDA:203,20,0,1
BRDA:203,20,1,4
BRDA:215,21,0,3
BRDA:215,21,1,2
BRDA:216,22,0,5
BRDA:216,22,1,2
BRDA:238,23,0,5
BRDA:238,23,1,2
BRDA:239,24,0,5
BRDA:239,24,1,2
BRDA:240,25,0,5
BRDA:240,25,1,2
BRDA:245,26,0,0
BRDA:245,26,1,5
BRDA:251,27,0,0
BRDA:251,27,1,5
BRDA:256,28,0,0
BRDA:256,28,1,5
BRDA:256,29,0,5
BRDA:256,29,1,0
BRDA:290,30,0,0
BRDA:290,30,1,1
BRDA:333,31,0,0
BRDA:333,31,1,1
BRDA:358,32,0,1
BRDA:358,32,1,9
BRDA:359,33,0,0
BRDA:359,33,1,1
BRDA:359,34,0,1
BRDA:359,34,1,0
BRDA:403,35,0,0
BRDA:403,35,1,0
BRDA:414,36,0,0
BRDA:414,36,1,0
BRDA:416,37,0,0
BRDA:416,37,1,0
BRDA:441,38,0,0
BRDA:441,38,1,0
BRDA:457,39,0,0
BRDA:457,39,1,0
BRDA:460,40,0,0
BRDA:460,40,1,0
BRDA:486,41,0,0
BRDA:486,41,1,0
BRDA:533,42,0,0
BRDA:533,42,1,0
BRDA:553,43,0,0
BRDA:553,43,1,0
BRDA:568,44,0,0
BRDA:568,44,1,0
BRDA:569,45,0,0
BRDA:569,45,1,0
BRDA:636,46,0,0
BRDA:636,46,1,0
BRDA:645,47,0,0
BRDA:645,48,0,0
BRDA:657,49,0,0
BRDA:657,49,1,0
BRDA:666,50,0,0
BRDA:666,50,1,0
BRDA:680,51,0,0
BRDA:680,51,1,0
BRDA:710,52,0,0
BRDA:710,52,1,0
BRDA:714,53,0,0
BRDA:714,53,1,0
BRF:106
BRH:52
end_of_record
TN:
SF:utils\logger.js
FN:38,(anonymous_0)
FN:113,(anonymous_1)
FN:119,(anonymous_2)
FN:136,(anonymous_3)
FN:145,(anonymous_4)
FN:154,(anonymous_5)
FN:164,(anonymous_6)
FN:175,(anonymous_7)
FN:185,(anonymous_8)
FN:195,(anonymous_9)
FN:197,(anonymous_10)
FN:198,(anonymous_11)
FN:199,(anonymous_12)
FN:200,(anonymous_13)
FN:201,(anonymous_14)
FN:206,(anonymous_15)
FN:211,(anonymous_16)
FNF:17
FNH:0
FNDA:0,(anonymous_0)
FNDA:0,(anonymous_1)
FNDA:0,(anonymous_2)
FNDA:0,(anonymous_3)
FNDA:0,(anonymous_4)
FNDA:0,(anonymous_5)
FNDA:0,(anonymous_6)
FNDA:0,(anonymous_7)
FNDA:0,(anonymous_8)
FNDA:0,(anonymous_9)
FNDA:0,(anonymous_10)
FNDA:0,(anonymous_11)
FNDA:0,(anonymous_12)
FNDA:0,(anonymous_13)
FNDA:0,(anonymous_14)
FNDA:0,(anonymous_15)
FNDA:0,(anonymous_16)
DA:6,35
DA:7,35
DA:10,35
DA:18,35
DA:27,35
DA:28,35
DA:29,0
DA:30,0
DA:34,35
DA:39,0
DA:40,0
DA:41,0
DA:46,35
DA:53,35
DA:56,35
DA:65,35
DA:67,2
DA:79,2
DA:90,2
DA:103,35
DA:112,35
DA:114,0
DA:119,35
DA:120,0
DA:121,0
DA:122,0
DA:124,0
DA:136,35
DA:137,0
DA:145,35
DA:146,0
DA:154,35
DA:155,0
DA:156,0
DA:164,35
DA:165,0
DA:166,0
DA:175,35
DA:176,0
DA:185,35
DA:186,0
DA:195,35
DA:196,0
DA:197,0
DA:198,0
DA:199,0
DA:200,0
DA:201,0
DA:206,35
DA:207,0
DA:208,0
DA:211,35
DA:212,0
DA:215,35
LF:54
LH:27
BRDA:27,0,0,35
BRDA:27,0,1,0
BRDA:29,1,0,0
BRDA:29,1,1,0
BRDA:29,2,0,0
BRDA:29,2,1,0
BRDA:39,3,0,0
BRDA:39,3,1,0
BRDA:40,4,0,0
BRDA:40,4,1,0
BRDA:41,5,0,0
BRDA:41,5,1,0
BRDA:60,6,0,35
BRDA:60,6,1,19
BRDA:60,7,0,2
BRDA:60,7,1,17
BRDA:65,8,0,2
BRDA:65,8,1,33
BRDA:65,9,0,35
BRDA:65,9,1,33
BRDA:122,10,0,0
BRDA:122,10,1,0
BRDA:132,11,0,0
BRDA:132,11,1,0
BRDA:136,12,0,0
BRDA:137,13,0,0
BRDA:137,13,1,0
BRDA:145,14,0,0
BRDA:154,15,0,0
BRDA:155,16,0,0
BRDA:155,16,1,0
BRDA:164,17,0,0
BRDA:165,18,0,0
BRDA:165,18,1,0
BRDA:175,19,0,0
BRDA:185,20,0,0
BRDA:197,21,0,0
BRDA:198,22,0,0
BRDA:199,23,0,0
BRDA:200,24,0,0
BRDA:201,25,0,0
BRF:41
BRH:9
end_of_record
